{
"contracts/BlackHole.sol":{"l":{"12":1188,"16":1,"20":2,"24":2},"path":"/home/developer/Envy/contracts/BlackHole.sol","s":{"1":1188,"2":1,"3":2,"4":2},"b":{},"f":{"1":1188,"2":1,"3":2,"4":2},"fnMap":{"1":{"name":"constructor","line":11,"loc":{"start":{"line":11,"column":1},"end":{"line":13,"column":1}}},"2":{"name":"whoAmI","line":15,"loc":{"start":{"line":15,"column":1},"end":{"line":17,"column":1}}},"3":{"name":"absorbedBalance","line":19,"loc":{"start":{"line":19,"column":1},"end":{"line":21,"column":1}}},"4":{"name":"availableSupply","line":23,"loc":{"start":{"line":23,"column":1},"end":{"line":25,"column":1}}}},"statementMap":{"1":{"start":{"line":12,"column":2},"end":{"line":12,"column":13}},"2":{"start":{"line":16,"column":2},"end":{"line":16,"column":62}},"3":{"start":{"line":20,"column":2},"end":{"line":20,"column":47}},"4":{"start":{"line":24,"column":2},"end":{"line":24,"column":77}}},"branchMap":{}},
"contracts/chainlink/contracts/src/v0.8/interfaces/LinkTokenInterface.sol":{"l":{},"path":"/home/developer/Envy/contracts/chainlink/contracts/src/v0.8/interfaces/LinkTokenInterface.sol","s":{},"b":{},"f":{},"fnMap":{},"statementMap":{},"branchMap":{}},
"contracts/EnviousHouse.sol":{"l":{"87":59,"88":59,"90":59,"94":3,"98":6,"99":3,"101":3,"106":6,"107":3,"109":3,"114":11,"115":1,"117":10,"122":4,"123":2,"125":2,"130":4,"131":2,"133":2,"138":24,"139":3,"141":21,"149":28,"150":4,"152":24,"160":13,"161":2,"163":11,"171":9,"172":2,"174":7,"182":4,"183":0,"185":4,"194":4,"195":0,"197":4,"202":8,"203":4,"205":4,"214":6,"215":0,"217":6,"226":22,"227":4,"229":18,"238":8,"239":4,"241":4,"247":16,"249":10,"250":10,"255":0,"257":0,"266":120,"267":112,"273":110,"275":110,"276":58,"277":56,"278":42,"279":38,"281":38,"282":38,"283":38,"286":52,"295":10,"296":8,"298":6,"300":4,"301":5,"311":38,"313":36,"314":34,"316":32,"318":32,"319":33,"320":11,"322":33,"325":32,"326":0,"336":12,"337":10,"339":8,"341":6,"342":7,"351":11,"353":9,"354":7,"356":5,"357":5,"358":6,"359":2,"361":6,"364":5,"365":0,"377":9,"379":7,"380":5,"385":5,"386":5,"388":5,"396":5,"397":5,"398":5,"407":5,"408":3,"410":3,"412":1,"413":1,"414":1,"415":1,"416":1,"419":1,"421":1,"422":1,"423":1,"432":10,"434":10,"435":2,"437":8,"440":8,"448":152,"449":152,"451":152,"452":59,"453":21,"454":21,"455":21,"464":1,"466":1,"467":1,"468":1,"469":1,"475":8,"476":8,"477":8,"479":8,"480":15,"484":15,"488":15,"490":15,"491":8,"495":8,"499":5,"500":5,"502":5,"503":5,"504":5,"506":5,"509":5,"510":2,"512":3,"516":5,"518":5,"528":34,"529":34,"531":34,"533":34,"534":34,"535":23,"536":23,"539":34,"541":34,"543":34,"544":22,"547":34,"556":7,"558":5,"560":5,"561":5,"562":3,"563":3,"565":3,"568":5,"571":5,"572":2,"574":3,"577":5,"585":58,"587":58,"588":58,"589":56,"590":56,"593":58,"595":58,"596":4,"599":58,"603":79,"604":27,"614":39,"616":39,"617":39,"618":29,"621":39,"622":39,"626":39,"628":39,"629":0,"632":39,"633":13,"634":13,"636":13,"637":13,"638":13,"641":13,"642":13,"647":156,"648":114,"650":110,"651":110,"652":110,"657":69,"658":12},"path":"/home/developer/Envy/contracts/EnviousHouse.sol","s":{"1":59,"2":59,"3":59,"4":3,"5":6,"6":3,"7":3,"8":6,"9":3,"10":3,"11":11,"12":1,"13":10,"14":4,"15":2,"16":2,"17":4,"18":2,"19":2,"20":24,"21":3,"22":21,"23":28,"24":4,"25":24,"26":13,"27":2,"28":11,"29":9,"30":2,"31":7,"32":4,"33":0,"34":4,"35":4,"36":0,"37":4,"38":8,"39":4,"40":4,"41":6,"42":0,"43":6,"44":22,"45":4,"46":18,"47":8,"48":4,"49":4,"50":16,"51":10,"52":10,"53":0,"54":0,"55":120,"56":112,"57":110,"58":110,"59":58,"60":56,"61":42,"62":38,"63":38,"64":38,"65":38,"66":52,"67":10,"68":8,"69":6,"70":4,"71":5,"72":38,"73":36,"74":34,"75":32,"76":32,"77":33,"78":11,"79":33,"80":32,"81":0,"82":12,"83":10,"84":8,"85":6,"86":7,"87":11,"88":9,"89":7,"90":5,"91":5,"92":6,"93":2,"94":6,"95":5,"96":0,"97":9,"98":7,"99":5,"100":5,"101":5,"102":5,"103":5,"104":5,"105":5,"106":5,"107":3,"108":3,"109":1,"110":1,"111":1,"112":1,"113":1,"114":1,"115":1,"116":1,"117":1,"118":10,"119":10,"120":2,"121":8,"122":8,"123":152,"124":152,"125":152,"126":59,"127":21,"128":21,"129":1,"130":1,"131":1,"132":1,"133":8,"134":8,"135":8,"136":8,"137":15,"138":15,"139":15,"140":15,"141":8,"142":8,"143":5,"144":5,"145":5,"146":5,"147":5,"148":5,"149":5,"150":2,"151":3,"152":5,"153":5,"154":34,"155":34,"156":34,"157":34,"158":34,"159":23,"160":23,"161":34,"162":34,"163":34,"164":22,"165":34,"166":7,"167":5,"168":5,"169":5,"170":3,"171":3,"172":3,"173":5,"174":5,"175":2,"176":3,"177":5,"178":58,"179":58,"180":58,"181":56,"182":56,"183":58,"184":58,"185":4,"186":58,"187":79,"188":27,"189":39,"190":39,"191":39,"192":29,"193":39,"194":39,"195":39,"196":39,"197":0,"198":39,"199":13,"200":13,"201":13,"202":13,"203":13,"204":13,"205":13,"206":156,"207":114,"208":110,"209":110,"210":110,"211":69,"212":12},"b":{"1":[3,3],"2":[3,3],"3":[1,10],"4":[2,2],"5":[2,2],"6":[3,21],"7":[4,24],"8":[2,11],"9":[2,7],"10":[0,4],"11":[0,4],"12":[4,4],"13":[0,6],"14":[4,18],"15":[4,4],"16":[10,6],"17":[0,0],"18":[112,8],"19":[110,2],"20":[58,52],"21":[56,2],"22":[42,14],"23":[38,4],"24":[38,0],"25":[8,2],"26":[6,2],"27":[36,2],"28":[11,22],"29":[0,32],"30":[10,2],"31":[8,2],"32":[9,2],"33":[2,4],"34":[0,5],"35":[7,2],"36":[5,0],"37":[3,2],"38":[3,0],"39":[1,0],"40":[10,0],"41":[2,8],"42":[21,38],"43":[1,0],"44":[8,7],"45":[5,0],"46":[2,3],"47":[34,0],"48":[34,0],"49":[23,11],"50":[22,12],"51":[5,2],"52":[3,2],"53":[2,3],"54":[58,0],"55":[56,2],"56":[4,54],"57":[27,52],"58":[27,0],"59":[29,10],"60":[0,39],"61":[13,26],"62":[13,0],"63":[114,42],"64":[110,4],"65":[12,57]},"f":{"1":59,"2":3,"3":6,"4":6,"5":11,"6":4,"7":4,"8":24,"9":28,"10":13,"11":9,"12":4,"13":4,"14":8,"15":6,"16":22,"17":8,"18":16,"19":0,"20":120,"21":10,"22":38,"23":12,"24":11,"25":9,"26":5,"27":10,"28":152,"29":1,"30":8,"31":5,"32":34,"33":7,"34":58,"35":79,"36":39,"37":39,"38":156,"39":69},"fnMap":{"1":{"name":"constructor","line":86,"loc":{"start":{"line":86,"column":1},"end":{"line":91,"column":1}}},"2":{"name":"totalCollections","line":93,"loc":{"start":{"line":93,"column":1},"end":{"line":95,"column":1}}},"3":{"name":"ghostAddress","line":97,"loc":{"start":{"line":97,"column":1},"end":{"line":103,"column":1}}},"4":{"name":"ghostBondingAddress","line":105,"loc":{"start":{"line":105,"column":1},"end":{"line":111,"column":1}}},"5":{"name":"blackHole","line":113,"loc":{"start":{"line":113,"column":1},"end":{"line":119,"column":1}}},"6":{"name":"commissions","line":121,"loc":{"start":{"line":121,"column":1},"end":{"line":127,"column":1}}},"7":{"name":"communityToken","line":129,"loc":{"start":{"line":129,"column":1},"end":{"line":135,"column":1}}},"8":{"name":"communityPool","line":137,"loc":{"start":{"line":137,"column":1},"end":{"line":143,"column":1}}},"9":{"name":"communityBalance","line":145,"loc":{"start":{"line":145,"column":1},"end":{"line":154,"column":1}}},"10":{"name":"disperseTokens","line":156,"loc":{"start":{"line":156,"column":1},"end":{"line":165,"column":1}}},"11":{"name":"disperseBalance","line":167,"loc":{"start":{"line":167,"column":1},"end":{"line":176,"column":1}}},"12":{"name":"disperseTotalTaken","line":178,"loc":{"start":{"line":178,"column":1},"end":{"line":187,"column":1}}},"13":{"name":"disperseTaken","line":189,"loc":{"start":{"line":189,"column":1},"end":{"line":199,"column":1}}},"14":{"name":"bondPayouts","line":201,"loc":{"start":{"line":201,"column":1},"end":{"line":207,"column":1}}},"15":{"name":"collateralTokens","line":209,"loc":{"start":{"line":209,"column":1},"end":{"line":219,"column":1}}},"16":{"name":"collateralBalances","line":221,"loc":{"start":{"line":221,"column":1},"end":{"line":231,"column":1}}},"17":{"name":"bondIndexes","line":233,"loc":{"start":{"line":233,"column":1},"end":{"line":243,"column":1}}},"18":{"name":"setGhostAddresses","line":245,"loc":{"start":{"line":245,"column":1},"end":{"line":251,"column":1}}},"19":{"name":"setSpecificCollection","line":253,"loc":{"start":{"line":253,"column":1},"end":{"line":258,"column":1}}},"20":{"name":"registerCollection","line":260,"loc":{"start":{"line":260,"column":1},"end":{"line":288,"column":1}}},"21":{"name":"harvest","line":290,"loc":{"start":{"line":290,"column":1},"end":{"line":303,"column":1}}},"22":{"name":"collateralize","line":305,"loc":{"start":{"line":305,"column":1},"end":{"line":328,"column":1}}},"23":{"name":"uncollateralize","line":330,"loc":{"start":{"line":330,"column":1},"end":{"line":344,"column":1}}},"24":{"name":"disperse","line":346,"loc":{"start":{"line":346,"column":1},"end":{"line":367,"column":1}}},"25":{"name":"getDiscountedCollateral","line":369,"loc":{"start":{"line":369,"column":1},"end":{"line":400,"column":4}}},"26":{"name":"claimDiscountedCollateral","line":402,"loc":{"start":{"line":402,"column":1},"end":{"line":425,"column":4}}},"27":{"name":"getAmount","line":427,"loc":{"start":{"line":427,"column":1},"end":{"line":442,"column":4}}},"28":{"name":"_arrayContains","line":444,"loc":{"start":{"line":444,"column":1},"end":{"line":458,"column":4}}},"29":{"name":"_arrayContains","line":460,"loc":{"start":{"line":460,"column":1},"end":{"line":472,"column":4}}},"30":{"name":"_scaledAmount","line":474,"loc":{"start":{"line":474,"column":1},"end":{"line":496,"column":4}}},"31":{"name":"_harvest","line":498,"loc":{"start":{"line":498,"column":1},"end":{"line":519,"column":4}}},"32":{"name":"_addTokenCollateral","line":521,"loc":{"start":{"line":521,"column":1},"end":{"line":548,"column":4}}},"33":{"name":"_removeTokenCollateral","line":550,"loc":{"start":{"line":550,"column":1},"end":{"line":578,"column":4}}},"34":{"name":"_disperseTokenCollateral","line":580,"loc":{"start":{"line":580,"column":1},"end":{"line":600,"column":4}}},"35":{"name":"_checkValidity","line":602,"loc":{"start":{"line":602,"column":1},"end":{"line":606,"column":4}}},"36":{"name":"_communityCommission","line":608,"loc":{"start":{"line":608,"column":1},"end":{"line":623,"column":4}}},"37":{"name":"_disperse","line":625,"loc":{"start":{"line":625,"column":1},"end":{"line":644,"column":1}}},"38":{"name":"_rescueCollection","line":646,"loc":{"start":{"line":646,"column":1},"end":{"line":654,"column":1}}},"39":{"name":"_checkEnvious","line":656,"loc":{"start":{"line":656,"column":1},"end":{"line":660,"column":1}}}},"statementMap":{"1":{"start":{"line":87,"column":2},"end":{"line":87,"column":28}},"2":{"start":{"line":88,"column":2},"end":{"line":88,"column":30}},"3":{"start":{"line":90,"column":2},"end":{"line":90,"column":34}},"4":{"start":{"line":94,"column":2},"end":{"line":94,"column":26}},"5":{"start":{"line":98,"column":2},"end":{"line":98,"column":3918}},"6":{"start":{"line":99,"column":3},"end":{"line":99,"column":51}},"7":{"start":{"line":101,"column":3},"end":{"line":101,"column":23}},"8":{"start":{"line":106,"column":2},"end":{"line":106,"column":4189}},"9":{"start":{"line":107,"column":3},"end":{"line":107,"column":58}},"10":{"start":{"line":109,"column":3},"end":{"line":109,"column":30}},"11":{"start":{"line":114,"column":2},"end":{"line":114,"column":4464}},"12":{"start":{"line":115,"column":3},"end":{"line":115,"column":48}},"13":{"start":{"line":117,"column":3},"end":{"line":117,"column":20}},"14":{"start":{"line":122,"column":2},"end":{"line":122,"column":4736}},"15":{"start":{"line":123,"column":3},"end":{"line":123,"column":55}},"16":{"start":{"line":125,"column":3},"end":{"line":125,"column":41}},"17":{"start":{"line":130,"column":2},"end":{"line":130,"column":5024}},"18":{"start":{"line":131,"column":3},"end":{"line":131,"column":53}},"19":{"start":{"line":133,"column":3},"end":{"line":133,"column":37}},"20":{"start":{"line":138,"column":2},"end":{"line":138,"column":5320}},"21":{"start":{"line":139,"column":3},"end":{"line":139,"column":57}},"22":{"start":{"line":141,"column":3},"end":{"line":141,"column":43}},"23":{"start":{"line":149,"column":2},"end":{"line":149,"column":5644}},"24":{"start":{"line":150,"column":3},"end":{"line":150,"column":67}},"25":{"start":{"line":152,"column":3},"end":{"line":152,"column":53}},"26":{"start":{"line":160,"column":2},"end":{"line":160,"column":5979}},"27":{"start":{"line":161,"column":3},"end":{"line":161,"column":58}},"28":{"start":{"line":163,"column":3},"end":{"line":163,"column":44}},"29":{"start":{"line":171,"column":2},"end":{"line":171,"column":6304}},"30":{"start":{"line":172,"column":3},"end":{"line":172,"column":66}},"31":{"start":{"line":174,"column":3},"end":{"line":174,"column":52}},"32":{"start":{"line":182,"column":2},"end":{"line":182,"column":6648}},"33":{"start":{"line":183,"column":3},"end":{"line":183,"column":69}},"34":{"start":{"line":185,"column":3},"end":{"line":185,"column":55}},"35":{"start":{"line":194,"column":2},"end":{"line":194,"column":7012}},"36":{"start":{"line":195,"column":3},"end":{"line":195,"column":73}},"37":{"start":{"line":197,"column":3},"end":{"line":197,"column":59}},"38":{"start":{"line":202,"column":2},"end":{"line":202,"column":7350}},"39":{"start":{"line":203,"column":3},"end":{"line":203,"column":57}},"40":{"start":{"line":205,"column":3},"end":{"line":205,"column":43}},"41":{"start":{"line":214,"column":2},"end":{"line":214,"column":7686}},"42":{"start":{"line":215,"column":3},"end":{"line":215,"column":69}},"43":{"start":{"line":217,"column":3},"end":{"line":217,"column":55}},"44":{"start":{"line":226,"column":2},"end":{"line":226,"column":8055}},"45":{"start":{"line":227,"column":3},"end":{"line":227,"column":78}},"46":{"start":{"line":229,"column":3},"end":{"line":229,"column":64}},"47":{"start":{"line":238,"column":2},"end":{"line":238,"column":8428}},"48":{"start":{"line":239,"column":3},"end":{"line":239,"column":64}},"49":{"start":{"line":241,"column":3},"end":{"line":241,"column":50}},"50":{"start":{"line":247,"column":2},"end":{"line":247,"column":96}},"51":{"start":{"line":249,"column":2},"end":{"line":249,"column":27}},"52":{"start":{"line":250,"column":2},"end":{"line":250,"column":36}},"53":{"start":{"line":255,"column":2},"end":{"line":255,"column":66}},"54":{"start":{"line":257,"column":2},"end":{"line":257,"column":39}},"55":{"start":{"line":266,"column":2},"end":{"line":266,"column":59}},"56":{"start":{"line":267,"column":2},"end":{"line":267,"column":9364}},"57":{"start":{"line":273,"column":2},"end":{"line":273,"column":30}},"58":{"start":{"line":275,"column":2},"end":{"line":275,"column":9546}},"59":{"start":{"line":276,"column":3},"end":{"line":276,"column":50}},"60":{"start":{"line":277,"column":3},"end":{"line":277,"column":9683}},"61":{"start":{"line":278,"column":4},"end":{"line":278,"column":53}},"62":{"start":{"line":279,"column":4},"end":{"line":279,"column":57}},"63":{"start":{"line":281,"column":4},"end":{"line":281,"column":41}},"64":{"start":{"line":282,"column":4},"end":{"line":282,"column":42}},"65":{"start":{"line":283,"column":4},"end":{"line":283,"column":38}},"66":{"start":{"line":286,"column":3},"end":{"line":286,"column":61}},"67":{"start":{"line":295,"column":2},"end":{"line":295,"column":63}},"68":{"start":{"line":296,"column":2},"end":{"line":296,"column":68}},"69":{"start":{"line":298,"column":2},"end":{"line":298,"column":26}},"70":{"start":{"line":300,"column":2},"end":{"line":300,"column":10346}},"71":{"start":{"line":301,"column":3},"end":{"line":301,"column":53}},"72":{"start":{"line":311,"column":2},"end":{"line":311,"column":68}},"73":{"start":{"line":313,"column":2},"end":{"line":313,"column":26}},"74":{"start":{"line":314,"column":2},"end":{"line":314,"column":30}},"75":{"start":{"line":316,"column":2},"end":{"line":316,"column":31}},"76":{"start":{"line":318,"column":2},"end":{"line":318,"column":10801}},"77":{"start":{"line":319,"column":3},"end":{"line":319,"column":10859}},"78":{"start":{"line":320,"column":4},"end":{"line":320,"column":26}},"79":{"start":{"line":322,"column":3},"end":{"line":322,"column":80}},"80":{"start":{"line":325,"column":2},"end":{"line":325,"column":11021}},"81":{"start":{"line":326,"column":3},"end":{"line":326,"column":53}},"82":{"start":{"line":336,"column":2},"end":{"line":336,"column":63}},"83":{"start":{"line":337,"column":2},"end":{"line":337,"column":68}},"84":{"start":{"line":339,"column":2},"end":{"line":339,"column":26}},"85":{"start":{"line":341,"column":2},"end":{"line":341,"column":11432}},"86":{"start":{"line":342,"column":3},"end":{"line":342,"column":76}},"87":{"start":{"line":351,"column":2},"end":{"line":351,"column":68}},"88":{"start":{"line":353,"column":2},"end":{"line":353,"column":26}},"89":{"start":{"line":354,"column":2},"end":{"line":354,"column":30}},"90":{"start":{"line":356,"column":2},"end":{"line":356,"column":31}},"91":{"start":{"line":357,"column":2},"end":{"line":357,"column":11880}},"92":{"start":{"line":358,"column":3},"end":{"line":358,"column":11938}},"93":{"start":{"line":359,"column":4},"end":{"line":359,"column":26}},"94":{"start":{"line":361,"column":3},"end":{"line":361,"column":69}},"95":{"start":{"line":364,"column":2},"end":{"line":364,"column":12089}},"96":{"start":{"line":365,"column":3},"end":{"line":365,"column":53}},"97":{"start":{"line":377,"column":2},"end":{"line":377,"column":63}},"98":{"start":{"line":379,"column":2},"end":{"line":379,"column":26}},"99":{"start":{"line":380,"column":2},"end":{"line":380,"column":30}},"100":{"start":{"line":385,"column":2},"end":{"line":385,"column":73}},"101":{"start":{"line":386,"column":2},"end":{"line":386,"column":61}},"102":{"start":{"line":388,"column":2},"end":{"line":388,"column":12845}},"103":{"start":{"line":396,"column":2},"end":{"line":396,"column":13004}},"104":{"start":{"line":397,"column":3},"end":{"line":397,"column":45}},"105":{"start":{"line":398,"column":3},"end":{"line":398,"column":47}},"106":{"start":{"line":407,"column":2},"end":{"line":407,"column":63}},"107":{"start":{"line":408,"column":2},"end":{"line":408,"column":50}},"108":{"start":{"line":410,"column":2},"end":{"line":410,"column":26}},"109":{"start":{"line":412,"column":2},"end":{"line":412,"column":13426}},"110":{"start":{"line":413,"column":3},"end":{"line":413,"column":80}},"111":{"start":{"line":414,"column":3},"end":{"line":414,"column":62}},"112":{"start":{"line":415,"column":3},"end":{"line":415,"column":84}},"113":{"start":{"line":416,"column":3},"end":{"line":416,"column":41}},"114":{"start":{"line":419,"column":2},"end":{"line":419,"column":89}},"115":{"start":{"line":421,"column":2},"end":{"line":421,"column":13849}},"116":{"start":{"line":422,"column":3},"end":{"line":422,"column":45}},"117":{"start":{"line":423,"column":3},"end":{"line":423,"column":71}},"118":{"start":{"line":432,"column":2},"end":{"line":432,"column":63}},"119":{"start":{"line":434,"column":2},"end":{"line":434,"column":14212}},"120":{"start":{"line":435,"column":3},"end":{"line":435,"column":68}},"121":{"start":{"line":437,"column":3},"end":{"line":437,"column":14434}},"122":{"start":{"line":440,"column":3},"end":{"line":440,"column":78}},"123":{"start":{"line":448,"column":8},"end":{"line":448,"column":26}},"124":{"start":{"line":449,"column":8},"end":{"line":449,"column":32}},"125":{"start":{"line":451,"column":8},"end":{"line":451,"column":14851}},"126":{"start":{"line":452,"column":12},"end":{"line":452,"column":14915}},"127":{"start":{"line":453,"column":16},"end":{"line":453,"column":35}},"128":{"start":{"line":454,"column":16},"end":{"line":454,"column":24}},"129":{"start":{"line":464,"column":8},"end":{"line":464,"column":32}},"130":{"start":{"line":466,"column":8},"end":{"line":466,"column":15238}},"131":{"start":{"line":467,"column":12},"end":{"line":467,"column":15302}},"132":{"start":{"line":468,"column":16},"end":{"line":468,"column":24}},"133":{"start":{"line":475,"column":8},"end":{"line":475,"column":30}},"134":{"start":{"line":476,"column":8},"end":{"line":476,"column":26}},"135":{"start":{"line":477,"column":8},"end":{"line":477,"column":92}},"136":{"start":{"line":479,"column":8},"end":{"line":479,"column":15671}},"137":{"start":{"line":480,"column":12},"end":{"line":480,"column":15805}},"138":{"start":{"line":484,"column":3},"end":{"line":484,"column":15943}},"139":{"start":{"line":488,"column":12},"end":{"line":488,"column":34}},"140":{"start":{"line":490,"column":12},"end":{"line":490,"column":16096}},"141":{"start":{"line":491,"column":16},"end":{"line":491,"column":33}},"142":{"start":{"line":495,"column":8},"end":{"line":495,"column":80}},"143":{"start":{"line":499,"column":8},"end":{"line":499,"column":74}},"144":{"start":{"line":500,"column":8},"end":{"line":500,"column":66}},"145":{"start":{"line":502,"column":8},"end":{"line":502,"column":16536}},"146":{"start":{"line":503,"column":12},"end":{"line":503,"column":88}},"147":{"start":{"line":504,"column":12},"end":{"line":504,"column":16754}},"148":{"start":{"line":506,"column":12},"end":{"line":506,"column":43}},"149":{"start":{"line":509,"column":8},"end":{"line":509,"column":16866}},"150":{"start":{"line":510,"column":12},"end":{"line":510,"column":65}},"151":{"start":{"line":512,"column":12},"end":{"line":512,"column":72}},"152":{"start":{"line":516,"column":8},"end":{"line":516,"column":93}},"153":{"start":{"line":518,"column":8},"end":{"line":518,"column":70}},"154":{"start":{"line":528,"column":8},"end":{"line":528,"column":38}},"155":{"start":{"line":529,"column":8},"end":{"line":529,"column":84}},"156":{"start":{"line":531,"column":8},"end":{"line":531,"column":51}},"157":{"start":{"line":533,"column":8},"end":{"line":533,"column":99}},"158":{"start":{"line":534,"column":8},"end":{"line":534,"column":17793}},"159":{"start":{"line":535,"column":12},"end":{"line":535,"column":39}},"160":{"start":{"line":536,"column":12},"end":{"line":536,"column":68}},"161":{"start":{"line":539,"column":8},"end":{"line":539,"column":18023}},"162":{"start":{"line":541,"column":8},"end":{"line":541,"column":77}},"163":{"start":{"line":543,"column":8},"end":{"line":543,"column":18146}},"164":{"start":{"line":544,"column":12},"end":{"line":544,"column":85}},"165":{"start":{"line":547,"column":8},"end":{"line":547,"column":70}},"166":{"start":{"line":556,"column":8},"end":{"line":556,"column":85}},"167":{"start":{"line":558,"column":8},"end":{"line":558,"column":51}},"168":{"start":{"line":560,"column":8},"end":{"line":560,"column":71}},"169":{"start":{"line":561,"column":8},"end":{"line":561,"column":18744}},"170":{"start":{"line":562,"column":12},"end":{"line":562,"column":100}},"171":{"start":{"line":563,"column":12},"end":{"line":563,"column":19009}},"172":{"start":{"line":565,"column":12},"end":{"line":565,"column":55}},"173":{"start":{"line":568,"column":8},"end":{"line":568,"column":19224}},"174":{"start":{"line":571,"column":8},"end":{"line":571,"column":19266}},"175":{"start":{"line":572,"column":12},"end":{"line":572,"column":65}},"176":{"start":{"line":574,"column":12},"end":{"line":574,"column":72}},"177":{"start":{"line":577,"column":8},"end":{"line":577,"column":78}},"178":{"start":{"line":585,"column":8},"end":{"line":585,"column":38}},"179":{"start":{"line":587,"column":8},"end":{"line":587,"column":88}},"180":{"start":{"line":588,"column":8},"end":{"line":588,"column":19812}},"181":{"start":{"line":589,"column":12},"end":{"line":589,"column":39}},"182":{"start":{"line":590,"column":12},"end":{"line":590,"column":57}},"183":{"start":{"line":593,"column":8},"end":{"line":593,"column":59}},"184":{"start":{"line":595,"column":8},"end":{"line":595,"column":20016}},"185":{"start":{"line":596,"column":12},"end":{"line":596,"column":85}},"186":{"start":{"line":599,"column":8},"end":{"line":599,"column":56}},"187":{"start":{"line":603,"column":8},"end":{"line":603,"column":20284}},"188":{"start":{"line":604,"column":12},"end":{"line":604,"column":91}},"189":{"start":{"line":614,"column":8},"end":{"line":614,"column":52}},"190":{"start":{"line":616,"column":8},"end":{"line":616,"column":87}},"191":{"start":{"line":617,"column":8},"end":{"line":617,"column":20750}},"192":{"start":{"line":618,"column":12},"end":{"line":618,"column":56}},"193":{"start":{"line":621,"column":8},"end":{"line":621,"column":62}},"194":{"start":{"line":622,"column":8},"end":{"line":622,"column":32}},"195":{"start":{"line":626,"column":2},"end":{"line":626,"column":108}},"196":{"start":{"line":628,"column":8},"end":{"line":628,"column":21170}},"197":{"start":{"line":629,"column":12},"end":{"line":629,"column":111}},"198":{"start":{"line":632,"column":8},"end":{"line":632,"column":21411}},"199":{"start":{"line":633,"column":12},"end":{"line":633,"column":88}},"200":{"start":{"line":634,"column":12},"end":{"line":634,"column":70}},"201":{"start":{"line":636,"column":12},"end":{"line":636,"column":103}},"202":{"start":{"line":637,"column":12},"end":{"line":637,"column":21763}},"203":{"start":{"line":638,"column":16},"end":{"line":638,"column":72}},"204":{"start":{"line":641,"column":12},"end":{"line":641,"column":75}},"205":{"start":{"line":642,"column":12},"end":{"line":642,"column":66}},"206":{"start":{"line":647,"column":2},"end":{"line":647,"column":22084}},"207":{"start":{"line":648,"column":3},"end":{"line":648,"column":76}},"208":{"start":{"line":650,"column":3},"end":{"line":650,"column":24}},"209":{"start":{"line":651,"column":3},"end":{"line":651,"column":45}},"210":{"start":{"line":652,"column":3},"end":{"line":652,"column":47}},"211":{"start":{"line":657,"column":2},"end":{"line":657,"column":22399}},"212":{"start":{"line":658,"column":3},"end":{"line":658,"column":25}}},"branchMap":{"1":{"line":98,"type":"if","locations":[{"start":{"line":98,"column":2},"end":{"line":98,"column":2}},{"start":{"line":98,"column":2},"end":{"line":98,"column":2}}]},"2":{"line":106,"type":"if","locations":[{"start":{"line":106,"column":2},"end":{"line":106,"column":2}},{"start":{"line":106,"column":2},"end":{"line":106,"column":2}}]},"3":{"line":114,"type":"if","locations":[{"start":{"line":114,"column":2},"end":{"line":114,"column":2}},{"start":{"line":114,"column":2},"end":{"line":114,"column":2}}]},"4":{"line":122,"type":"if","locations":[{"start":{"line":122,"column":2},"end":{"line":122,"column":2}},{"start":{"line":122,"column":2},"end":{"line":122,"column":2}}]},"5":{"line":130,"type":"if","locations":[{"start":{"line":130,"column":2},"end":{"line":130,"column":2}},{"start":{"line":130,"column":2},"end":{"line":130,"column":2}}]},"6":{"line":138,"type":"if","locations":[{"start":{"line":138,"column":2},"end":{"line":138,"column":2}},{"start":{"line":138,"column":2},"end":{"line":138,"column":2}}]},"7":{"line":149,"type":"if","locations":[{"start":{"line":149,"column":2},"end":{"line":149,"column":2}},{"start":{"line":149,"column":2},"end":{"line":149,"column":2}}]},"8":{"line":160,"type":"if","locations":[{"start":{"line":160,"column":2},"end":{"line":160,"column":2}},{"start":{"line":160,"column":2},"end":{"line":160,"column":2}}]},"9":{"line":171,"type":"if","locations":[{"start":{"line":171,"column":2},"end":{"line":171,"column":2}},{"start":{"line":171,"column":2},"end":{"line":171,"column":2}}]},"10":{"line":182,"type":"if","locations":[{"start":{"line":182,"column":2},"end":{"line":182,"column":2}},{"start":{"line":182,"column":2},"end":{"line":182,"column":2}}]},"11":{"line":194,"type":"if","locations":[{"start":{"line":194,"column":2},"end":{"line":194,"column":2}},{"start":{"line":194,"column":2},"end":{"line":194,"column":2}}]},"12":{"line":202,"type":"if","locations":[{"start":{"line":202,"column":2},"end":{"line":202,"column":2}},{"start":{"line":202,"column":2},"end":{"line":202,"column":2}}]},"13":{"line":214,"type":"if","locations":[{"start":{"line":214,"column":2},"end":{"line":214,"column":2}},{"start":{"line":214,"column":2},"end":{"line":214,"column":2}}]},"14":{"line":226,"type":"if","locations":[{"start":{"line":226,"column":2},"end":{"line":226,"column":2}},{"start":{"line":226,"column":2},"end":{"line":226,"column":2}}]},"15":{"line":238,"type":"if","locations":[{"start":{"line":238,"column":2},"end":{"line":238,"column":2}},{"start":{"line":238,"column":2},"end":{"line":238,"column":2}}]},"16":{"line":247,"type":"if","locations":[{"start":{"line":247,"column":2},"end":{"line":247,"column":2}},{"start":{"line":247,"column":2},"end":{"line":247,"column":2}}]},"17":{"line":255,"type":"if","locations":[{"start":{"line":255,"column":2},"end":{"line":255,"column":2}},{"start":{"line":255,"column":2},"end":{"line":255,"column":2}}]},"18":{"line":266,"type":"if","locations":[{"start":{"line":266,"column":2},"end":{"line":266,"column":2}},{"start":{"line":266,"column":2},"end":{"line":266,"column":2}}]},"19":{"line":267,"type":"if","locations":[{"start":{"line":267,"column":2},"end":{"line":267,"column":2}},{"start":{"line":267,"column":2},"end":{"line":267,"column":2}}]},"20":{"line":275,"type":"if","locations":[{"start":{"line":275,"column":2},"end":{"line":275,"column":2}},{"start":{"line":275,"column":2},"end":{"line":275,"column":2}}]},"21":{"line":276,"type":"if","locations":[{"start":{"line":276,"column":3},"end":{"line":276,"column":3}},{"start":{"line":276,"column":3},"end":{"line":276,"column":3}}]},"22":{"line":277,"type":"if","locations":[{"start":{"line":277,"column":3},"end":{"line":277,"column":3}},{"start":{"line":277,"column":3},"end":{"line":277,"column":3}}]},"23":{"line":278,"type":"if","locations":[{"start":{"line":278,"column":4},"end":{"line":278,"column":4}},{"start":{"line":278,"column":4},"end":{"line":278,"column":4}}]},"24":{"line":279,"type":"if","locations":[{"start":{"line":279,"column":4},"end":{"line":279,"column":4}},{"start":{"line":279,"column":4},"end":{"line":279,"column":4}}]},"25":{"line":295,"type":"if","locations":[{"start":{"line":295,"column":2},"end":{"line":295,"column":2}},{"start":{"line":295,"column":2},"end":{"line":295,"column":2}}]},"26":{"line":296,"type":"if","locations":[{"start":{"line":296,"column":2},"end":{"line":296,"column":2}},{"start":{"line":296,"column":2},"end":{"line":296,"column":2}}]},"27":{"line":311,"type":"if","locations":[{"start":{"line":311,"column":2},"end":{"line":311,"column":2}},{"start":{"line":311,"column":2},"end":{"line":311,"column":2}}]},"28":{"line":319,"type":"if","locations":[{"start":{"line":319,"column":3},"end":{"line":319,"column":3}},{"start":{"line":319,"column":3},"end":{"line":319,"column":3}}]},"29":{"line":325,"type":"if","locations":[{"start":{"line":325,"column":2},"end":{"line":325,"column":2}},{"start":{"line":325,"column":2},"end":{"line":325,"column":2}}]},"30":{"line":336,"type":"if","locations":[{"start":{"line":336,"column":2},"end":{"line":336,"column":2}},{"start":{"line":336,"column":2},"end":{"line":336,"column":2}}]},"31":{"line":337,"type":"if","locations":[{"start":{"line":337,"column":2},"end":{"line":337,"column":2}},{"start":{"line":337,"column":2},"end":{"line":337,"column":2}}]},"32":{"line":351,"type":"if","locations":[{"start":{"line":351,"column":2},"end":{"line":351,"column":2}},{"start":{"line":351,"column":2},"end":{"line":351,"column":2}}]},"33":{"line":358,"type":"if","locations":[{"start":{"line":358,"column":3},"end":{"line":358,"column":3}},{"start":{"line":358,"column":3},"end":{"line":358,"column":3}}]},"34":{"line":364,"type":"if","locations":[{"start":{"line":364,"column":2},"end":{"line":364,"column":2}},{"start":{"line":364,"column":2},"end":{"line":364,"column":2}}]},"35":{"line":377,"type":"if","locations":[{"start":{"line":377,"column":2},"end":{"line":377,"column":2}},{"start":{"line":377,"column":2},"end":{"line":377,"column":2}}]},"36":{"line":396,"type":"if","locations":[{"start":{"line":396,"column":2},"end":{"line":396,"column":2}},{"start":{"line":396,"column":2},"end":{"line":396,"column":2}}]},"37":{"line":407,"type":"if","locations":[{"start":{"line":407,"column":2},"end":{"line":407,"column":2}},{"start":{"line":407,"column":2},"end":{"line":407,"column":2}}]},"38":{"line":408,"type":"if","locations":[{"start":{"line":408,"column":2},"end":{"line":408,"column":2}},{"start":{"line":408,"column":2},"end":{"line":408,"column":2}}]},"39":{"line":421,"type":"if","locations":[{"start":{"line":421,"column":2},"end":{"line":421,"column":2}},{"start":{"line":421,"column":2},"end":{"line":421,"column":2}}]},"40":{"line":432,"type":"if","locations":[{"start":{"line":432,"column":2},"end":{"line":432,"column":2}},{"start":{"line":432,"column":2},"end":{"line":432,"column":2}}]},"41":{"line":434,"type":"if","locations":[{"start":{"line":434,"column":2},"end":{"line":434,"column":2}},{"start":{"line":434,"column":2},"end":{"line":434,"column":2}}]},"42":{"line":452,"type":"if","locations":[{"start":{"line":452,"column":12},"end":{"line":452,"column":12}},{"start":{"line":452,"column":12},"end":{"line":452,"column":12}}]},"43":{"line":467,"type":"if","locations":[{"start":{"line":467,"column":12},"end":{"line":467,"column":12}},{"start":{"line":467,"column":12},"end":{"line":467,"column":12}}]},"44":{"line":490,"type":"if","locations":[{"start":{"line":490,"column":12},"end":{"line":490,"column":12}},{"start":{"line":490,"column":12},"end":{"line":490,"column":12}}]},"45":{"line":502,"type":"if","locations":[{"start":{"line":502,"column":8},"end":{"line":502,"column":8}},{"start":{"line":502,"column":8},"end":{"line":502,"column":8}}]},"46":{"line":509,"type":"if","locations":[{"start":{"line":509,"column":8},"end":{"line":509,"column":8}},{"start":{"line":509,"column":8},"end":{"line":509,"column":8}}]},"47":{"line":528,"type":"if","locations":[{"start":{"line":528,"column":8},"end":{"line":528,"column":8}},{"start":{"line":528,"column":8},"end":{"line":528,"column":8}}]},"48":{"line":529,"type":"if","locations":[{"start":{"line":529,"column":8},"end":{"line":529,"column":8}},{"start":{"line":529,"column":8},"end":{"line":529,"column":8}}]},"49":{"line":534,"type":"if","locations":[{"start":{"line":534,"column":8},"end":{"line":534,"column":8}},{"start":{"line":534,"column":8},"end":{"line":534,"column":8}}]},"50":{"line":543,"type":"if","locations":[{"start":{"line":543,"column":8},"end":{"line":543,"column":8}},{"start":{"line":543,"column":8},"end":{"line":543,"column":8}}]},"51":{"line":556,"type":"if","locations":[{"start":{"line":556,"column":8},"end":{"line":556,"column":8}},{"start":{"line":556,"column":8},"end":{"line":556,"column":8}}]},"52":{"line":561,"type":"if","locations":[{"start":{"line":561,"column":8},"end":{"line":561,"column":8}},{"start":{"line":561,"column":8},"end":{"line":561,"column":8}}]},"53":{"line":571,"type":"if","locations":[{"start":{"line":571,"column":8},"end":{"line":571,"column":8}},{"start":{"line":571,"column":8},"end":{"line":571,"column":8}}]},"54":{"line":585,"type":"if","locations":[{"start":{"line":585,"column":8},"end":{"line":585,"column":8}},{"start":{"line":585,"column":8},"end":{"line":585,"column":8}}]},"55":{"line":588,"type":"if","locations":[{"start":{"line":588,"column":8},"end":{"line":588,"column":8}},{"start":{"line":588,"column":8},"end":{"line":588,"column":8}}]},"56":{"line":595,"type":"if","locations":[{"start":{"line":595,"column":8},"end":{"line":595,"column":8}},{"start":{"line":595,"column":8},"end":{"line":595,"column":8}}]},"57":{"line":603,"type":"if","locations":[{"start":{"line":603,"column":8},"end":{"line":603,"column":8}},{"start":{"line":603,"column":8},"end":{"line":603,"column":8}}]},"58":{"line":604,"type":"if","locations":[{"start":{"line":604,"column":12},"end":{"line":604,"column":12}},{"start":{"line":604,"column":12},"end":{"line":604,"column":12}}]},"59":{"line":617,"type":"if","locations":[{"start":{"line":617,"column":8},"end":{"line":617,"column":8}},{"start":{"line":617,"column":8},"end":{"line":617,"column":8}}]},"60":{"line":628,"type":"if","locations":[{"start":{"line":628,"column":8},"end":{"line":628,"column":8}},{"start":{"line":628,"column":8},"end":{"line":628,"column":8}}]},"61":{"line":632,"type":"if","locations":[{"start":{"line":632,"column":8},"end":{"line":632,"column":8}},{"start":{"line":632,"column":8},"end":{"line":632,"column":8}}]},"62":{"line":637,"type":"if","locations":[{"start":{"line":637,"column":12},"end":{"line":637,"column":12}},{"start":{"line":637,"column":12},"end":{"line":637,"column":12}}]},"63":{"line":647,"type":"if","locations":[{"start":{"line":647,"column":2},"end":{"line":647,"column":2}},{"start":{"line":647,"column":2},"end":{"line":647,"column":2}}]},"64":{"line":648,"type":"if","locations":[{"start":{"line":648,"column":3},"end":{"line":648,"column":3}},{"start":{"line":648,"column":3},"end":{"line":648,"column":3}}]},"65":{"line":657,"type":"if","locations":[{"start":{"line":657,"column":2},"end":{"line":657,"column":2}},{"start":{"line":657,"column":2},"end":{"line":657,"column":2}}]}}},
"contracts/extension/ERC721Envious.sol":{"l":{"89":191,"99":33,"100":33,"101":45,"113":427,"114":411,"115":411,"116":483,"117":90,"119":475,"122":371,"123":4,"135":179,"136":163,"137":175,"148":140,"149":124,"150":124,"151":200,"152":73,"154":184,"157":76,"158":4,"175":155,"177":145,"178":145,"180":135,"188":95,"189":95,"190":95,"201":46,"203":46,"204":51,"205":51,"206":41,"209":36,"211":36,"212":31,"213":31,"224":65,"225":63,"241":1471,"242":1471,"244":1471,"245":1361,"246":218,"247":218,"248":218,"265":51,"267":51,"268":51,"269":41,"270":41,"285":63,"286":63,"287":63,"289":63,"290":153,"291":153,"293":153,"295":153,"296":59,"300":63,"312":45,"313":41,"315":37,"316":37,"317":37,"318":37,"321":37,"322":6,"324":31,"328":37,"330":33,"351":506,"352":506,"354":506,"356":506,"357":506,"358":477,"359":453,"362":482,"363":482,"365":482,"366":369,"369":474,"389":175,"390":167,"392":167,"393":127,"394":73,"395":73,"396":73,"399":127,"401":127,"402":26,"404":101,"407":127,"422":192,"424":192,"425":192,"426":186,"427":162,"430":168,"432":168,"433":103,"436":160,"450":674,"451":536,"469":613,"471":613,"472":613,"473":264,"476":613,"477":613,"487":1401,"488":1401,"489":1401,"499":1404,"500":1404,"513":107,"514":107},"path":"/home/developer/Envy/contracts/extension/ERC721Envious.sol","s":{"1":191,"2":33,"3":33,"4":45,"5":427,"6":411,"7":411,"8":483,"9":90,"10":475,"11":371,"12":4,"13":179,"14":163,"15":175,"16":140,"17":124,"18":124,"19":200,"20":73,"21":184,"22":76,"23":4,"24":155,"25":145,"26":145,"27":135,"28":95,"29":95,"30":95,"31":46,"32":46,"33":51,"34":51,"35":41,"36":36,"37":36,"38":31,"39":31,"40":65,"41":63,"42":1471,"43":1471,"44":1471,"45":1361,"46":218,"47":218,"48":51,"49":51,"50":51,"51":41,"52":63,"53":63,"54":63,"55":63,"56":153,"57":153,"58":153,"59":153,"60":59,"61":63,"62":45,"63":41,"64":37,"65":37,"66":37,"67":37,"68":37,"69":6,"70":31,"71":37,"72":33,"73":506,"74":506,"75":506,"76":506,"77":506,"78":477,"79":453,"80":482,"81":482,"82":482,"83":369,"84":474,"85":175,"86":167,"87":167,"88":127,"89":73,"90":73,"91":73,"92":127,"93":127,"94":26,"95":101,"96":127,"97":192,"98":192,"99":192,"100":186,"101":162,"102":168,"103":168,"104":103,"105":160,"106":674,"107":536,"108":613,"109":613,"110":613,"111":264,"112":613,"113":613,"114":1401,"115":1401,"116":1401,"117":1404,"118":1404,"119":107,"120":107},"b":{"1":[33,0],"2":[411,16],"3":[90,393],"4":[4,367],"5":[163,16],"6":[124,16],"7":[73,127],"8":[4,72],"9":[95,0],"10":[46,0],"11":[31,5],"12":[218,1143],"13":[41,10],"14":[59,94],"15":[37,0],"16":[6,31],"17":[506,0],"18":[477,29],"19":[369,113],"20":[167,8],"21":[73,54],"22":[26,101],"23":[192,0],"24":[186,6],"25":[103,65],"26":[536,138],"27":[484,52],"28":[264,349],"29":[1401,0]},"f":{"1":191,"2":33,"3":427,"4":179,"5":140,"6":155,"7":46,"8":65,"9":1471,"10":51,"11":63,"12":45,"13":506,"14":175,"15":192,"16":674,"17":613,"18":1401,"19":1404,"20":107,"21":0},"fnMap":{"1":{"name":"supportsInterface","line":82,"loc":{"start":{"line":82,"column":1},"end":{"line":90,"column":1}}},"2":{"name":"harvest","line":95,"loc":{"start":{"line":95,"column":1},"end":{"line":103,"column":1}}},"3":{"name":"collateralize","line":108,"loc":{"start":{"line":108,"column":1},"end":{"line":125,"column":1}}},"4":{"name":"uncollateralize","line":130,"loc":{"start":{"line":130,"column":1},"end":{"line":139,"column":1}}},"5":{"name":"disperse","line":144,"loc":{"start":{"line":144,"column":1},"end":{"line":160,"column":1}}},"6":{"name":"getDiscountedCollateral","line":165,"loc":{"start":{"line":165,"column":4},"end":{"line":192,"column":4}}},"7":{"name":"claimDiscountedCollateral","line":197,"loc":{"start":{"line":197,"column":4},"end":{"line":215,"column":4}}},"8":{"name":"getAmount","line":220,"loc":{"start":{"line":220,"column":1},"end":{"line":226,"column":4}}},"9":{"name":"_arrayContains","line":237,"loc":{"start":{"line":237,"column":1},"end":{"line":251,"column":1}}},"10":{"name":"_arrayContains","line":261,"loc":{"start":{"line":261,"column":1},"end":{"line":273,"column":1}}},"11":{"name":"_scaledAmount","line":284,"loc":{"start":{"line":284,"column":1},"end":{"line":301,"column":1}}},"12":{"name":"_harvest","line":311,"loc":{"start":{"line":311,"column":1},"end":{"line":331,"column":1}}},"13":{"name":"_addTokenCollateral","line":345,"loc":{"start":{"line":345,"column":1},"end":{"line":370,"column":1}}},"14":{"name":"_removeTokenCollateral","line":384,"loc":{"start":{"line":384,"column":1},"end":{"line":408,"column":1}}},"15":{"name":"_disperseTokenCollateral","line":421,"loc":{"start":{"line":421,"column":1},"end":{"line":437,"column":1}}},"16":{"name":"_checkValidity","line":449,"loc":{"start":{"line":449,"column":1},"end":{"line":453,"column":1}}},"17":{"name":"_communityCommission","line":464,"loc":{"start":{"line":464,"column":1},"end":{"line":478,"column":1}}},"18":{"name":"_changeCommissions","line":486,"loc":{"start":{"line":486,"column":1},"end":{"line":490,"column":1}}},"19":{"name":"_changeCommunityAddresses","line":498,"loc":{"start":{"line":498,"column":1},"end":{"line":501,"column":1}}},"20":{"name":"_changeGhostAddresses","line":509,"loc":{"start":{"line":509,"column":1},"end":{"line":515,"column":1}}},"21":{"name":"_disperse","line":524,"loc":{"start":{"line":524,"column":1},"end":{"line":524,"column":77}}}},"statementMap":{"1":{"start":{"line":89,"column":2},"end":{"line":89,"column":97}},"2":{"start":{"line":99,"column":2},"end":{"line":99,"column":68}},"3":{"start":{"line":100,"column":2},"end":{"line":100,"column":3707}},"4":{"start":{"line":101,"column":3},"end":{"line":101,"column":41}},"5":{"start":{"line":113,"column":2},"end":{"line":113,"column":68}},"6":{"start":{"line":114,"column":2},"end":{"line":114,"column":31}},"7":{"start":{"line":115,"column":2},"end":{"line":115,"column":4119}},"8":{"start":{"line":116,"column":3},"end":{"line":116,"column":4177}},"9":{"start":{"line":117,"column":4},"end":{"line":117,"column":26}},"10":{"start":{"line":119,"column":3},"end":{"line":119,"column":68}},"11":{"start":{"line":122,"column":2},"end":{"line":122,"column":4329}},"12":{"start":{"line":123,"column":3},"end":{"line":123,"column":53}},"13":{"start":{"line":135,"column":2},"end":{"line":135,"column":68}},"14":{"start":{"line":136,"column":2},"end":{"line":136,"column":4686}},"15":{"start":{"line":137,"column":3},"end":{"line":137,"column":64}},"16":{"start":{"line":148,"column":2},"end":{"line":148,"column":68}},"17":{"start":{"line":149,"column":2},"end":{"line":149,"column":31}},"18":{"start":{"line":150,"column":2},"end":{"line":150,"column":5093}},"19":{"start":{"line":151,"column":3},"end":{"line":151,"column":5151}},"20":{"start":{"line":152,"column":4},"end":{"line":152,"column":26}},"21":{"start":{"line":154,"column":3},"end":{"line":154,"column":57}},"22":{"start":{"line":157,"column":2},"end":{"line":157,"column":5292}},"23":{"start":{"line":158,"column":3},"end":{"line":158,"column":53}},"24":{"start":{"line":175,"column":2},"end":{"line":175,"column":24}},"25":{"start":{"line":177,"column":8},"end":{"line":177,"column":79}},"26":{"start":{"line":178,"column":8},"end":{"line":178,"column":66}},"27":{"start":{"line":180,"column":8},"end":{"line":180,"column":6048}},"28":{"start":{"line":188,"column":8},"end":{"line":188,"column":6263}},"29":{"start":{"line":189,"column":12},"end":{"line":189,"column":41}},"30":{"start":{"line":190,"column":12},"end":{"line":190,"column":43}},"31":{"start":{"line":201,"column":8},"end":{"line":201,"column":55}},"32":{"start":{"line":203,"column":8},"end":{"line":203,"column":6660}},"33":{"start":{"line":204,"column":12},"end":{"line":204,"column":76}},"34":{"start":{"line":205,"column":12},"end":{"line":205,"column":94}},"35":{"start":{"line":206,"column":12},"end":{"line":206,"column":37}},"36":{"start":{"line":209,"column":8},"end":{"line":209,"column":94}},"37":{"start":{"line":211,"column":8},"end":{"line":211,"column":7038}},"38":{"start":{"line":212,"column":12},"end":{"line":212,"column":41}},"39":{"start":{"line":213,"column":12},"end":{"line":213,"column":67}},"40":{"start":{"line":224,"column":8},"end":{"line":224,"column":118}},"41":{"start":{"line":225,"column":8},"end":{"line":225,"column":71}},"42":{"start":{"line":241,"column":2},"end":{"line":241,"column":20}},"43":{"start":{"line":242,"column":2},"end":{"line":242,"column":26}},"44":{"start":{"line":244,"column":2},"end":{"line":244,"column":8150}},"45":{"start":{"line":245,"column":3},"end":{"line":245,"column":8202}},"46":{"start":{"line":246,"column":4},"end":{"line":246,"column":23}},"47":{"start":{"line":247,"column":4},"end":{"line":247,"column":12}},"48":{"start":{"line":265,"column":2},"end":{"line":265,"column":26}},"49":{"start":{"line":267,"column":2},"end":{"line":267,"column":8703}},"50":{"start":{"line":268,"column":3},"end":{"line":268,"column":8755}},"51":{"start":{"line":269,"column":4},"end":{"line":269,"column":12}},"52":{"start":{"line":285,"column":2},"end":{"line":285,"column":24}},"53":{"start":{"line":286,"column":2},"end":{"line":286,"column":20}},"54":{"start":{"line":287,"column":2},"end":{"line":287,"column":73}},"55":{"start":{"line":289,"column":2},"end":{"line":289,"column":9349}},"56":{"start":{"line":290,"column":3},"end":{"line":290,"column":116}},"57":{"start":{"line":291,"column":3},"end":{"line":291,"column":91}},"58":{"start":{"line":293,"column":3},"end":{"line":293,"column":25}},"59":{"start":{"line":295,"column":3},"end":{"line":295,"column":9650}},"60":{"start":{"line":296,"column":4},"end":{"line":296,"column":21}},"61":{"start":{"line":300,"column":2},"end":{"line":300,"column":61}},"62":{"start":{"line":312,"column":2},"end":{"line":312,"column":56}},"63":{"start":{"line":313,"column":2},"end":{"line":313,"column":47}},"64":{"start":{"line":315,"column":2},"end":{"line":315,"column":10349}},"65":{"start":{"line":316,"column":3},"end":{"line":316,"column":66}},"66":{"start":{"line":317,"column":3},"end":{"line":317,"column":64}},"67":{"start":{"line":318,"column":3},"end":{"line":318,"column":21}},"68":{"start":{"line":321,"column":2},"end":{"line":321,"column":10558}},"69":{"start":{"line":322,"column":3},"end":{"line":322,"column":56}},"70":{"start":{"line":324,"column":3},"end":{"line":324,"column":63}},"71":{"start":{"line":328,"column":2},"end":{"line":328,"column":73}},"72":{"start":{"line":330,"column":2},"end":{"line":330,"column":52}},"73":{"start":{"line":351,"column":2},"end":{"line":351,"column":32}},"74":{"start":{"line":352,"column":2},"end":{"line":352,"column":24}},"75":{"start":{"line":354,"column":2},"end":{"line":354,"column":33}},"76":{"start":{"line":356,"column":2},"end":{"line":356,"column":80}},"77":{"start":{"line":357,"column":2},"end":{"line":357,"column":11689}},"78":{"start":{"line":358,"column":3},"end":{"line":358,"column":30}},"79":{"start":{"line":359,"column":3},"end":{"line":359,"column":46}},"80":{"start":{"line":362,"column":2},"end":{"line":362,"column":83}},"81":{"start":{"line":363,"column":2},"end":{"line":363,"column":58}},"82":{"start":{"line":365,"column":2},"end":{"line":365,"column":11945}},"83":{"start":{"line":366,"column":3},"end":{"line":366,"column":76}},"84":{"start":{"line":369,"column":2},"end":{"line":369,"column":52}},"85":{"start":{"line":389,"column":2},"end":{"line":389,"column":60}},"86":{"start":{"line":390,"column":2},"end":{"line":390,"column":33}},"87":{"start":{"line":392,"column":2},"end":{"line":392,"column":52}},"88":{"start":{"line":393,"column":2},"end":{"line":393,"column":12869}},"89":{"start":{"line":394,"column":3},"end":{"line":394,"column":78}},"90":{"start":{"line":395,"column":3},"end":{"line":395,"column":100}},"91":{"start":{"line":396,"column":3},"end":{"line":396,"column":33}},"92":{"start":{"line":399,"column":2},"end":{"line":399,"column":83}},"93":{"start":{"line":401,"column":2},"end":{"line":401,"column":13235}},"94":{"start":{"line":402,"column":3},"end":{"line":402,"column":56}},"95":{"start":{"line":404,"column":3},"end":{"line":404,"column":63}},"96":{"start":{"line":407,"column":2},"end":{"line":407,"column":60}},"97":{"start":{"line":422,"column":2},"end":{"line":422,"column":32}},"98":{"start":{"line":424,"column":2},"end":{"line":424,"column":69}},"99":{"start":{"line":425,"column":2},"end":{"line":425,"column":14116}},"100":{"start":{"line":426,"column":3},"end":{"line":426,"column":30}},"101":{"start":{"line":427,"column":3},"end":{"line":427,"column":35}},"102":{"start":{"line":430,"column":2},"end":{"line":430,"column":40}},"103":{"start":{"line":432,"column":2},"end":{"line":432,"column":14260}},"104":{"start":{"line":433,"column":3},"end":{"line":433,"column":76}},"105":{"start":{"line":436,"column":2},"end":{"line":436,"column":38}},"106":{"start":{"line":450,"column":2},"end":{"line":450,"column":14901}},"107":{"start":{"line":451,"column":3},"end":{"line":451,"column":82}},"108":{"start":{"line":469,"column":2},"end":{"line":469,"column":46}},"109":{"start":{"line":471,"column":2},"end":{"line":471,"column":68}},"110":{"start":{"line":472,"column":2},"end":{"line":472,"column":15624}},"111":{"start":{"line":473,"column":3},"end":{"line":473,"column":34}},"112":{"start":{"line":476,"column":2},"end":{"line":476,"column":43}},"113":{"start":{"line":477,"column":2},"end":{"line":477,"column":26}},"114":{"start":{"line":487,"column":2},"end":{"line":487,"column":64}},"115":{"start":{"line":488,"column":2},"end":{"line":488,"column":26}},"116":{"start":{"line":489,"column":2},"end":{"line":489,"column":27}},"117":{"start":{"line":499,"column":2},"end":{"line":499,"column":33}},"118":{"start":{"line":500,"column":2},"end":{"line":500,"column":25}},"119":{"start":{"line":513,"column":2},"end":{"line":513,"column":36}},"120":{"start":{"line":514,"column":2},"end":{"line":514,"column":45}}},"branchMap":{"1":{"line":99,"type":"if","locations":[{"start":{"line":99,"column":2},"end":{"line":99,"column":2}},{"start":{"line":99,"column":2},"end":{"line":99,"column":2}}]},"2":{"line":113,"type":"if","locations":[{"start":{"line":113,"column":2},"end":{"line":113,"column":2}},{"start":{"line":113,"column":2},"end":{"line":113,"column":2}}]},"3":{"line":116,"type":"if","locations":[{"start":{"line":116,"column":3},"end":{"line":116,"column":3}},{"start":{"line":116,"column":3},"end":{"line":116,"column":3}}]},"4":{"line":122,"type":"if","locations":[{"start":{"line":122,"column":2},"end":{"line":122,"column":2}},{"start":{"line":122,"column":2},"end":{"line":122,"column":2}}]},"5":{"line":135,"type":"if","locations":[{"start":{"line":135,"column":2},"end":{"line":135,"column":2}},{"start":{"line":135,"column":2},"end":{"line":135,"column":2}}]},"6":{"line":148,"type":"if","locations":[{"start":{"line":148,"column":2},"end":{"line":148,"column":2}},{"start":{"line":148,"column":2},"end":{"line":148,"column":2}}]},"7":{"line":151,"type":"if","locations":[{"start":{"line":151,"column":3},"end":{"line":151,"column":3}},{"start":{"line":151,"column":3},"end":{"line":151,"column":3}}]},"8":{"line":157,"type":"if","locations":[{"start":{"line":157,"column":2},"end":{"line":157,"column":2}},{"start":{"line":157,"column":2},"end":{"line":157,"column":2}}]},"9":{"line":188,"type":"if","locations":[{"start":{"line":188,"column":8},"end":{"line":188,"column":8}},{"start":{"line":188,"column":8},"end":{"line":188,"column":8}}]},"10":{"line":201,"type":"if","locations":[{"start":{"line":201,"column":8},"end":{"line":201,"column":8}},{"start":{"line":201,"column":8},"end":{"line":201,"column":8}}]},"11":{"line":211,"type":"if","locations":[{"start":{"line":211,"column":8},"end":{"line":211,"column":8}},{"start":{"line":211,"column":8},"end":{"line":211,"column":8}}]},"12":{"line":245,"type":"if","locations":[{"start":{"line":245,"column":3},"end":{"line":245,"column":3}},{"start":{"line":245,"column":3},"end":{"line":245,"column":3}}]},"13":{"line":268,"type":"if","locations":[{"start":{"line":268,"column":3},"end":{"line":268,"column":3}},{"start":{"line":268,"column":3},"end":{"line":268,"column":3}}]},"14":{"line":295,"type":"if","locations":[{"start":{"line":295,"column":3},"end":{"line":295,"column":3}},{"start":{"line":295,"column":3},"end":{"line":295,"column":3}}]},"15":{"line":315,"type":"if","locations":[{"start":{"line":315,"column":2},"end":{"line":315,"column":2}},{"start":{"line":315,"column":2},"end":{"line":315,"column":2}}]},"16":{"line":321,"type":"if","locations":[{"start":{"line":321,"column":2},"end":{"line":321,"column":2}},{"start":{"line":321,"column":2},"end":{"line":321,"column":2}}]},"17":{"line":351,"type":"if","locations":[{"start":{"line":351,"column":2},"end":{"line":351,"column":2}},{"start":{"line":351,"column":2},"end":{"line":351,"column":2}}]},"18":{"line":357,"type":"if","locations":[{"start":{"line":357,"column":2},"end":{"line":357,"column":2}},{"start":{"line":357,"column":2},"end":{"line":357,"column":2}}]},"19":{"line":365,"type":"if","locations":[{"start":{"line":365,"column":2},"end":{"line":365,"column":2}},{"start":{"line":365,"column":2},"end":{"line":365,"column":2}}]},"20":{"line":389,"type":"if","locations":[{"start":{"line":389,"column":2},"end":{"line":389,"column":2}},{"start":{"line":389,"column":2},"end":{"line":389,"column":2}}]},"21":{"line":393,"type":"if","locations":[{"start":{"line":393,"column":2},"end":{"line":393,"column":2}},{"start":{"line":393,"column":2},"end":{"line":393,"column":2}}]},"22":{"line":401,"type":"if","locations":[{"start":{"line":401,"column":2},"end":{"line":401,"column":2}},{"start":{"line":401,"column":2},"end":{"line":401,"column":2}}]},"23":{"line":422,"type":"if","locations":[{"start":{"line":422,"column":2},"end":{"line":422,"column":2}},{"start":{"line":422,"column":2},"end":{"line":422,"column":2}}]},"24":{"line":425,"type":"if","locations":[{"start":{"line":425,"column":2},"end":{"line":425,"column":2}},{"start":{"line":425,"column":2},"end":{"line":425,"column":2}}]},"25":{"line":432,"type":"if","locations":[{"start":{"line":432,"column":2},"end":{"line":432,"column":2}},{"start":{"line":432,"column":2},"end":{"line":432,"column":2}}]},"26":{"line":450,"type":"if","locations":[{"start":{"line":450,"column":2},"end":{"line":450,"column":2}},{"start":{"line":450,"column":2},"end":{"line":450,"column":2}}]},"27":{"line":451,"type":"if","locations":[{"start":{"line":451,"column":3},"end":{"line":451,"column":3}},{"start":{"line":451,"column":3},"end":{"line":451,"column":3}}]},"28":{"line":472,"type":"if","locations":[{"start":{"line":472,"column":2},"end":{"line":472,"column":2}},{"start":{"line":472,"column":2},"end":{"line":472,"column":2}}]},"29":{"line":487,"type":"if","locations":[{"start":{"line":487,"column":2},"end":{"line":487,"column":2}},{"start":{"line":487,"column":2},"end":{"line":487,"column":2}}]}}},
"contracts/GhostCollection.sol":{"l":{"29":24,"30":24,"34":33,"35":29,"39":47,"40":47,"47":1,"51":1,"55":27},"path":"/home/developer/Envy/contracts/GhostCollection.sol","s":{"1":24,"2":24,"3":33,"4":47,"5":47,"6":1,"7":1,"8":27},"b":{"1":[29,4],"2":[47,0]},"f":{"1":24,"2":33,"3":47,"4":1,"5":1,"6":27},"fnMap":{"1":{"name":"constructor","line":28,"loc":{"start":{"line":12,"column":1},"end":{"line":31,"column":1}}},"2":{"name":"onlySuperUser","line":33,"loc":{"start":{"line":33,"column":1},"end":{"line":36,"column":1}}},"3":{"name":"mint","line":38,"loc":{"start":{"line":38,"column":1},"end":{"line":41,"column":1}}},"4":{"name":"setGhostAddresses","line":46,"loc":{"start":{"line":43,"column":1},"end":{"line":48,"column":1}}},"5":{"name":"changeBaseUri","line":50,"loc":{"start":{"line":50,"column":1},"end":{"line":52,"column":1}}},"6":{"name":"renewSuperMinter","line":54,"loc":{"start":{"line":54,"column":1},"end":{"line":56,"column":1}}}},"statementMap":{"1":{"start":{"line":29,"column":2},"end":{"line":29,"column":26}},"2":{"start":{"line":30,"column":2},"end":{"line":30,"column":28}},"3":{"start":{"line":34,"column":2},"end":{"line":34,"column":59}},"4":{"start":{"line":39,"column":2},"end":{"line":39,"column":63}},"5":{"start":{"line":40,"column":2},"end":{"line":40,"column":15}},"6":{"start":{"line":47,"column":2},"end":{"line":47,"column":50}},"7":{"start":{"line":51,"column":2},"end":{"line":51,"column":33}},"8":{"start":{"line":55,"column":2},"end":{"line":55,"column":19}}},"branchMap":{"1":{"line":34,"type":"if","locations":[{"start":{"line":34,"column":2},"end":{"line":34,"column":2}},{"start":{"line":34,"column":2},"end":{"line":34,"column":2}}]},"2":{"line":39,"type":"if","locations":[{"start":{"line":39,"column":2},"end":{"line":39,"column":2}},{"start":{"line":39,"column":2},"end":{"line":39,"column":2}}]}}},
"contracts/GhostFaucet.sol":{"l":{"38":24,"43":24,"45":24,"46":24,"47":24,"48":24,"50":24,"52":24,"57":27,"58":25,"59":25,"61":25,"62":25,"64":25,"65":25,"67":25,"68":13,"69":13,"71":13,"74":21,"75":21,"76":21,"79":21,"83":51,"90":34,"91":34,"93":34,"94":34,"96":34},"path":"/home/developer/Envy/contracts/GhostFaucet.sol","s":{"1":24,"2":24,"3":24,"4":24,"5":24,"6":24,"7":24,"8":24,"9":27,"10":25,"11":25,"12":25,"13":25,"14":25,"15":25,"16":25,"17":13,"18":13,"19":13,"20":21,"21":21,"22":21,"23":21,"24":51,"25":34,"26":34,"27":34,"28":34,"29":34},"b":{"1":[24,0],"2":[24,0],"3":[13,12]},"f":{"1":24,"2":27,"3":51,"4":34},"fnMap":{"1":{"name":"constructor","line":31,"loc":{"start":{"line":31,"column":1},"end":{"line":53,"column":1}}},"2":{"name":"sendMeGhostNft","line":55,"loc":{"start":{"line":55,"column":1},"end":{"line":80,"column":1}}},"3":{"name":"sigmoidValue","line":82,"loc":{"start":{"line":82,"column":1},"end":{"line":84,"column":1}}},"4":{"name":"_prepareValues","line":86,"loc":{"start":{"line":86,"column":1},"end":{"line":97,"column":1}}}},"statementMap":{"1":{"start":{"line":38,"column":2},"end":{"line":38,"column":1158}},"2":{"start":{"line":43,"column":2},"end":{"line":43,"column":58}},"3":{"start":{"line":45,"column":2},"end":{"line":45,"column":24}},"4":{"start":{"line":46,"column":2},"end":{"line":46,"column":21}},"5":{"start":{"line":47,"column":2},"end":{"line":47,"column":24}},"6":{"start":{"line":48,"column":2},"end":{"line":48,"column":20}},"7":{"start":{"line":50,"column":2},"end":{"line":50,"column":87}},"8":{"start":{"line":52,"column":2},"end":{"line":52,"column":53}},"9":{"start":{"line":57,"column":2},"end":{"line":57,"column":80}},"10":{"start":{"line":58,"column":2},"end":{"line":58,"column":44}},"11":{"start":{"line":59,"column":2},"end":{"line":59,"column":82}},"12":{"start":{"line":61,"column":2},"end":{"line":61,"column":29}},"13":{"start":{"line":62,"column":2},"end":{"line":62,"column":28}},"14":{"start":{"line":64,"column":2},"end":{"line":64,"column":31}},"15":{"start":{"line":65,"column":2},"end":{"line":65,"column":28}},"16":{"start":{"line":67,"column":2},"end":{"line":67,"column":2190}},"17":{"start":{"line":68,"column":3},"end":{"line":68,"column":81}},"18":{"start":{"line":69,"column":3},"end":{"line":69,"column":106}},"19":{"start":{"line":71,"column":3},"end":{"line":71,"column":84}},"20":{"start":{"line":74,"column":2},"end":{"line":74,"column":100}},"21":{"start":{"line":75,"column":2},"end":{"line":75,"column":51}},"22":{"start":{"line":76,"column":2},"end":{"line":76,"column":75}},"23":{"start":{"line":79,"column":2},"end":{"line":79,"column":67}},"24":{"start":{"line":83,"column":2},"end":{"line":83,"column":28}},"25":{"start":{"line":90,"column":2},"end":{"line":90,"column":45}},"26":{"start":{"line":91,"column":2},"end":{"line":91,"column":52}},"27":{"start":{"line":93,"column":2},"end":{"line":93,"column":20}},"28":{"start":{"line":94,"column":2},"end":{"line":94,"column":38}},"29":{"start":{"line":96,"column":2},"end":{"line":96,"column":34}}},"branchMap":{"1":{"line":38,"type":"if","locations":[{"start":{"line":38,"column":2},"end":{"line":38,"column":2}},{"start":{"line":38,"column":2},"end":{"line":38,"column":2}}]},"2":{"line":43,"type":"if","locations":[{"start":{"line":43,"column":2},"end":{"line":43,"column":2}},{"start":{"line":43,"column":2},"end":{"line":43,"column":2}}]},"3":{"line":67,"type":"if","locations":[{"start":{"line":67,"column":2},"end":{"line":67,"column":2}},{"start":{"line":67,"column":2},"end":{"line":67,"column":2}}]}}},
"contracts/GmvToken.sol":{"l":{"14":91,"15":91,"19":98,"20":96,"24":3,"25":1},"path":"/home/developer/Envy/contracts/GmvToken.sol","s":{"1":91,"2":91,"3":98,"4":96,"5":3,"6":1},"b":{"1":[96,2],"2":[1,2]},"f":{"1":91,"2":98,"3":3},"fnMap":{"1":{"name":"constructor","line":13,"loc":{"start":{"line":13,"column":1},"end":{"line":16,"column":1}}},"2":{"name":"mint","line":18,"loc":{"start":{"line":18,"column":1},"end":{"line":21,"column":1}}},"3":{"name":"renewSuperMinter","line":23,"loc":{"start":{"line":23,"column":1},"end":{"line":26,"column":1}}}},"statementMap":{"1":{"start":{"line":14,"column":2},"end":{"line":14,"column":26}},"2":{"start":{"line":15,"column":2},"end":{"line":15,"column":28}},"3":{"start":{"line":19,"column":2},"end":{"line":19,"column":60}},"4":{"start":{"line":20,"column":2},"end":{"line":20,"column":23}},"5":{"start":{"line":24,"column":2},"end":{"line":24,"column":56}},"6":{"start":{"line":25,"column":2},"end":{"line":25,"column":30}}},"branchMap":{"1":{"line":19,"type":"if","locations":[{"start":{"line":19,"column":2},"end":{"line":19,"column":2}},{"start":{"line":19,"column":2},"end":{"line":19,"column":2}}]},"2":{"line":24,"type":"if","locations":[{"start":{"line":24,"column":2},"end":{"line":24,"column":2}},{"start":{"line":24,"column":2},"end":{"line":24,"column":2}}]}}},
"contracts/interfaces/IBlackHole.sol":{"l":{},"path":"/home/developer/Envy/contracts/interfaces/IBlackHole.sol","s":{},"b":{},"f":{},"fnMap":{},"statementMap":{},"branchMap":{}},
"contracts/interfaces/IEnviousHouse.sol":{"l":{},"path":"/home/developer/Envy/contracts/interfaces/IEnviousHouse.sol","s":{},"b":{},"f":{},"fnMap":{},"statementMap":{},"branchMap":{}},
"contracts/interfaces/IERC721EnviousDynamic.sol":{"l":{},"path":"/home/developer/Envy/contracts/interfaces/IERC721EnviousDynamic.sol","s":{},"b":{},"f":{},"fnMap":{},"statementMap":{},"branchMap":{}},
"contracts/interfaces/IERC721EnviousRoyalty.sol":{"l":{},"path":"/home/developer/Envy/contracts/interfaces/IERC721EnviousRoyalty.sol","s":{},"b":{},"f":{},"fnMap":{},"statementMap":{},"branchMap":{}},
"contracts/interfaces/IERC721EnviousVrf.sol":{"l":{},"path":"/home/developer/Envy/contracts/interfaces/IERC721EnviousVrf.sol","s":{},"b":{},"f":{},"fnMap":{},"statementMap":{},"branchMap":{}},
"contracts/interfaces/IGhostFaucet.sol":{"l":{},"path":"/home/developer/Envy/contracts/interfaces/IGhostFaucet.sol","s":{},"b":{},"f":{},"fnMap":{},"statementMap":{},"branchMap":{}},
"contracts/interfaces/IgSTRL.sol":{"l":{},"path":"/home/developer/Envy/contracts/interfaces/IgSTRL.sol","s":{},"b":{},"f":{},"fnMap":{},"statementMap":{},"branchMap":{}},
"contracts/interfaces/IsSTRL.sol":{"l":{},"path":"/home/developer/Envy/contracts/interfaces/IsSTRL.sol","s":{},"b":{},"f":{},"fnMap":{},"statementMap":{},"branchMap":{}},
"contracts/interfaces/IStaking.sol":{"l":{},"path":"/home/developer/Envy/contracts/interfaces/IStaking.sol","s":{},"b":{},"f":{},"fnMap":{},"statementMap":{},"branchMap":{}},
"contracts/libraries/Sigmoid.sol":{"l":{"13":51,"14":51,"15":51,"17":51,"21":51,"23":51,"24":51,"26":51,"27":0,"28":0,"31":51,"32":0,"33":0,"36":51,"37":0,"38":0,"41":51,"42":0,"43":0,"46":51,"47":1,"48":1,"51":51,"52":1,"53":1,"56":51,"57":12,"60":51,"61":51,"62":51,"63":51,"64":51,"65":51,"66":51,"68":51,"69":51},"path":"/home/developer/Envy/contracts/libraries/Sigmoid.sol","s":{"1":51,"2":51,"3":51,"4":51,"5":51,"6":0,"7":51,"8":51,"9":51,"10":0,"11":0,"12":51,"13":0,"14":0,"15":51,"16":0,"17":0,"18":51,"19":0,"20":0,"21":51,"22":1,"23":1,"24":51,"25":1,"26":1,"27":51,"28":12,"29":51,"30":51,"31":51,"32":51,"33":51,"34":51,"35":51,"36":51,"37":51},"b":{"1":[0,51],"2":[0,51],"3":[0,51],"4":[0,51],"5":[0,51],"6":[1,50],"7":[1,50],"8":[12,39]},"f":{"1":51,"2":51},"fnMap":{"1":{"name":"sigmoid","line":12,"loc":{"start":{"line":12,"column":1},"end":{"line":18,"column":1}}},"2":{"name":"_sqrt","line":20,"loc":{"start":{"line":20,"column":1},"end":{"line":70,"column":1}}}},"statementMap":{"1":{"start":{"line":13,"column":2},"end":{"line":13,"column":41}},"2":{"start":{"line":14,"column":2},"end":{"line":14,"column":67}},"3":{"start":{"line":15,"column":2},"end":{"line":15,"column":43}},"4":{"start":{"line":17,"column":2},"end":{"line":17,"column":65}},"5":{"start":{"line":21,"column":2},"end":{"line":21,"column":22}},"6":{"start":{"line":21,"column":14},"end":{"line":21,"column":22}},"7":{"start":{"line":23,"column":2},"end":{"line":23,"column":16}},"8":{"start":{"line":24,"column":2},"end":{"line":24,"column":15}},"9":{"start":{"line":26,"column":2},"end":{"line":26,"column":595}},"10":{"start":{"line":27,"column":3},"end":{"line":27,"column":12}},"11":{"start":{"line":28,"column":3},"end":{"line":28,"column":10}},"12":{"start":{"line":31,"column":2},"end":{"line":31,"column":681}},"13":{"start":{"line":32,"column":3},"end":{"line":32,"column":11}},"14":{"start":{"line":33,"column":3},"end":{"line":33,"column":10}},"15":{"start":{"line":36,"column":2},"end":{"line":36,"column":750}},"16":{"start":{"line":37,"column":3},"end":{"line":37,"column":11}},"17":{"start":{"line":38,"column":3},"end":{"line":38,"column":10}},"18":{"start":{"line":41,"column":2},"end":{"line":41,"column":811}},"19":{"start":{"line":42,"column":3},"end":{"line":42,"column":11}},"20":{"start":{"line":43,"column":3},"end":{"line":43,"column":9}},"21":{"start":{"line":46,"column":2},"end":{"line":46,"column":867}},"22":{"start":{"line":47,"column":3},"end":{"line":47,"column":10}},"23":{"start":{"line":48,"column":3},"end":{"line":48,"column":9}},"24":{"start":{"line":51,"column":2},"end":{"line":51,"column":920}},"25":{"start":{"line":52,"column":3},"end":{"line":52,"column":10}},"26":{"start":{"line":53,"column":3},"end":{"line":53,"column":9}},"27":{"start":{"line":56,"column":2},"end":{"line":56,"column":972}},"28":{"start":{"line":57,"column":3},"end":{"line":57,"column":9}},"29":{"start":{"line":60,"column":2},"end":{"line":60,"column":21}},"30":{"start":{"line":61,"column":2},"end":{"line":61,"column":21}},"31":{"start":{"line":62,"column":2},"end":{"line":62,"column":21}},"32":{"start":{"line":63,"column":2},"end":{"line":63,"column":21}},"33":{"start":{"line":64,"column":2},"end":{"line":64,"column":21}},"34":{"start":{"line":65,"column":2},"end":{"line":65,"column":21}},"35":{"start":{"line":66,"column":2},"end":{"line":66,"column":21}},"36":{"start":{"line":68,"column":2},"end":{"line":68,"column":20}},"37":{"start":{"line":69,"column":2},"end":{"line":69,"column":32}}},"branchMap":{"1":{"line":21,"type":"if","locations":[{"start":{"line":21,"column":2},"end":{"line":21,"column":2}},{"start":{"line":21,"column":2},"end":{"line":21,"column":2}}]},"2":{"line":26,"type":"if","locations":[{"start":{"line":26,"column":2},"end":{"line":26,"column":2}},{"start":{"line":26,"column":2},"end":{"line":26,"column":2}}]},"3":{"line":31,"type":"if","locations":[{"start":{"line":31,"column":2},"end":{"line":31,"column":2}},{"start":{"line":31,"column":2},"end":{"line":31,"column":2}}]},"4":{"line":36,"type":"if","locations":[{"start":{"line":36,"column":2},"end":{"line":36,"column":2}},{"start":{"line":36,"column":2},"end":{"line":36,"column":2}}]},"5":{"line":41,"type":"if","locations":[{"start":{"line":41,"column":2},"end":{"line":41,"column":2}},{"start":{"line":41,"column":2},"end":{"line":41,"column":2}}]},"6":{"line":46,"type":"if","locations":[{"start":{"line":46,"column":2},"end":{"line":46,"column":2}},{"start":{"line":46,"column":2},"end":{"line":46,"column":2}}]},"7":{"line":51,"type":"if","locations":[{"start":{"line":51,"column":2},"end":{"line":51,"column":2}},{"start":{"line":51,"column":2},"end":{"line":51,"column":2}}]},"8":{"line":56,"type":"if","locations":[{"start":{"line":56,"column":2},"end":{"line":56,"column":2}},{"start":{"line":56,"column":2},"end":{"line":56,"column":2}}]}}},
"contracts/mocks/BaseToken.sol":{"l":{"13":663,"17":17,"21":10,"22":8},"path":"/home/developer/Envy/contracts/mocks/BaseToken.sol","s":{"1":663,"2":17,"3":10,"4":8},"b":{},"f":{"1":2128,"2":663,"3":17,"4":10},"fnMap":{"1":{"name":"constructor","line":10,"loc":{"start":{"line":10,"column":4},"end":{"line":10,"column":79}}},"2":{"name":"mint","line":12,"loc":{"start":{"line":12,"column":4},"end":{"line":14,"column":4}}},"3":{"name":"burn","line":16,"loc":{"start":{"line":16,"column":4},"end":{"line":18,"column":4}}},"4":{"name":"burnFrom","line":20,"loc":{"start":{"line":20,"column":1},"end":{"line":23,"column":1}}}},"statementMap":{"1":{"start":{"line":13,"column":8},"end":{"line":13,"column":29}},"2":{"start":{"line":17,"column":8},"end":{"line":17,"column":34}},"3":{"start":{"line":21,"column":2},"end":{"line":21,"column":47}},"4":{"start":{"line":22,"column":2},"end":{"line":22,"column":23}}},"branchMap":{}},
"contracts/mocks/BondingMock.sol":{"l":{"31":159,"32":159,"33":159,"43":140,"44":130,"45":120,"47":110,"48":110,"49":110,"51":110,"52":110,"54":100,"62":37,"63":37,"65":37,"66":42,"68":42,"69":37,"70":37,"74":37,"75":37,"77":0,"82":10,"84":10,"85":10,"86":25,"89":10,"90":10,"92":10,"93":25,"94":25,"95":25,"99":10,"106":87,"108":82,"109":82,"119":110,"120":110},"path":"/home/developer/Envy/contracts/mocks/BondingMock.sol","s":{"1":159,"2":159,"3":159,"4":140,"5":130,"6":120,"7":110,"8":110,"9":110,"10":110,"11":110,"12":100,"13":37,"14":37,"15":37,"16":42,"17":42,"18":37,"19":37,"20":37,"21":37,"22":0,"23":10,"24":10,"25":10,"26":25,"27":10,"28":10,"29":10,"30":25,"31":25,"32":10,"33":87,"34":82,"35":82,"36":110,"37":110},"b":{"1":[130,10],"2":[120,10],"3":[110,10],"4":[37,5],"5":[37,0],"6":[25,0],"7":[25,0]},"f":{"1":159,"2":140,"3":37,"4":10,"5":87,"6":110},"fnMap":{"1":{"name":"constructor","line":30,"loc":{"start":{"line":30,"column":1},"end":{"line":34,"column":1}}},"2":{"name":"deposit","line":36,"loc":{"start":{"line":36,"column":1},"end":{"line":55,"column":1}}},"3":{"name":"redeem","line":57,"loc":{"start":{"line":57,"column":1},"end":{"line":79,"column":4}}},"4":{"name":"indexesFor","line":81,"loc":{"start":{"line":81,"column":1},"end":{"line":100,"column":4}}},"5":{"name":"pendingFor","line":102,"loc":{"start":{"line":102,"column":1},"end":{"line":110,"column":4}}},"6":{"name":"_addNote","line":112,"loc":{"start":{"line":112,"column":1},"end":{"line":129,"column":4}}}},"statementMap":{"1":{"start":{"line":31,"column":2},"end":{"line":31,"column":25}},"2":{"start":{"line":32,"column":2},"end":{"line":32,"column":25}},"3":{"start":{"line":33,"column":2},"end":{"line":33,"column":25}},"4":{"start":{"line":43,"column":2},"end":{"line":43,"column":49}},"5":{"start":{"line":44,"column":2},"end":{"line":44,"column":55}},"6":{"start":{"line":45,"column":2},"end":{"line":45,"column":54}},"7":{"start":{"line":47,"column":2},"end":{"line":47,"column":21}},"8":{"start":{"line":48,"column":2},"end":{"line":48,"column":26}},"9":{"start":{"line":49,"column":2},"end":{"line":49,"column":32}},"10":{"start":{"line":51,"column":2},"end":{"line":51,"column":75}},"11":{"start":{"line":52,"column":2},"end":{"line":52,"column":73}},"12":{"start":{"line":54,"column":2},"end":{"line":54,"column":32}},"13":{"start":{"line":62,"column":8},"end":{"line":62,"column":45}},"14":{"start":{"line":63,"column":8},"end":{"line":63,"column":18}},"15":{"start":{"line":65,"column":8},"end":{"line":65,"column":1941}},"16":{"start":{"line":66,"column":12},"end":{"line":66,"column":72}},"17":{"start":{"line":68,"column":12},"end":{"line":68,"column":2088}},"18":{"start":{"line":69,"column":16},"end":{"line":69,"column":56}},"19":{"start":{"line":70,"column":16},"end":{"line":70,"column":38}},"20":{"start":{"line":74,"column":8},"end":{"line":74,"column":2240}},"21":{"start":{"line":75,"column":12},"end":{"line":75,"column":59}},"22":{"start":{"line":77,"column":3},"end":{"line":77,"column":20}},"23":{"start":{"line":82,"column":8},"end":{"line":82,"column":41}},"24":{"start":{"line":84,"column":8},"end":{"line":84,"column":22}},"25":{"start":{"line":85,"column":8},"end":{"line":85,"column":2530}},"26":{"start":{"line":86,"column":12},"end":{"line":86,"column":70}},"27":{"start":{"line":89,"column":8},"end":{"line":89,"column":56}},"28":{"start":{"line":90,"column":8},"end":{"line":90,"column":24}},"29":{"start":{"line":92,"column":8},"end":{"line":92,"column":2750}},"30":{"start":{"line":93,"column":12},"end":{"line":93,"column":2810}},"31":{"start":{"line":94,"column":16},"end":{"line":94,"column":36}},"32":{"start":{"line":99,"column":8},"end":{"line":99,"column":22}},"33":{"start":{"line":106,"column":8},"end":{"line":106,"column":45}},"34":{"start":{"line":108,"column":8},"end":{"line":108,"column":28}},"35":{"start":{"line":109,"column":8},"end":{"line":109,"column":91}},"36":{"start":{"line":119,"column":8},"end":{"line":119,"column":35}},"37":{"start":{"line":120,"column":8},"end":{"line":120,"column":3520}}},"branchMap":{"1":{"line":43,"type":"if","locations":[{"start":{"line":43,"column":2},"end":{"line":43,"column":2}},{"start":{"line":43,"column":2},"end":{"line":43,"column":2}}]},"2":{"line":44,"type":"if","locations":[{"start":{"line":44,"column":2},"end":{"line":44,"column":2}},{"start":{"line":44,"column":2},"end":{"line":44,"column":2}}]},"3":{"line":45,"type":"if","locations":[{"start":{"line":45,"column":2},"end":{"line":45,"column":2}},{"start":{"line":45,"column":2},"end":{"line":45,"column":2}}]},"4":{"line":68,"type":"if","locations":[{"start":{"line":68,"column":12},"end":{"line":68,"column":12}},{"start":{"line":68,"column":12},"end":{"line":68,"column":12}}]},"5":{"line":74,"type":"if","locations":[{"start":{"line":74,"column":8},"end":{"line":74,"column":8}},{"start":{"line":74,"column":8},"end":{"line":74,"column":8}}]},"6":{"line":86,"type":"if","locations":[{"start":{"line":86,"column":12},"end":{"line":86,"column":12}},{"start":{"line":86,"column":12},"end":{"line":86,"column":12}}]},"7":{"line":93,"type":"if","locations":[{"start":{"line":93,"column":12},"end":{"line":93,"column":12}},{"start":{"line":93,"column":12},"end":{"line":93,"column":12}}]}}},
"contracts/mocks/DAI.sol":{"l":{"15":0,"67":0,"68":0,"90":772,"94":236,"103":318,"104":318,"111":318,"115":10,"120":296,"125":34,"131":134,"132":126,"133":96,"134":94,"136":124,"137":124,"138":124,"139":124,"143":0,"147":0,"152":324,"153":0,"154":0,"155":0,"156":0,"158":0,"162":324,"164":324,"167":324,"171":11,"172":9,"173":0,"174":0,"176":9,"177":9,"178":9,"183":299,"185":299,"186":299,"191":299,"196":0,"200":0,"204":0,"211":0,"223":0,"224":0,"225":0,"226":0,"227":0,"228":0,"229":0},"path":"/home/developer/Envy/contracts/mocks/DAI.sol","s":{"1":0,"2":0,"3":0,"4":772,"5":236,"6":318,"7":318,"8":318,"9":10,"10":296,"11":34,"12":134,"13":126,"14":96,"15":94,"16":124,"17":124,"18":124,"19":124,"20":0,"21":0,"22":324,"23":0,"24":0,"25":0,"26":0,"27":0,"28":324,"29":324,"30":324,"31":11,"32":9,"33":0,"34":0,"35":9,"36":9,"37":9,"38":299,"39":299,"40":299,"41":299,"42":0,"43":0,"44":0,"45":0,"46":0,"47":0,"48":0,"49":0,"50":0,"51":0,"52":0},"b":{"1":[0,0],"2":[772,0],"3":[236,0],"4":[126,8],"5":[96,30],"6":[94,2],"7":[0,324],"8":[0,0],"9":[0,0],"10":[9,2],"11":[0,9],"12":[0,0],"13":[0,0],"14":[0,0],"15":[0,0],"16":[0,0]},"f":{"1":0,"2":0,"3":0,"4":0,"5":772,"6":236,"7":318,"8":10,"9":296,"10":34,"11":134,"12":0,"13":0,"14":324,"15":11,"16":299,"17":299,"18":0,"19":0,"20":0,"21":0},"fnMap":{"1":{"name":"note","line":14,"loc":{"start":{"line":14,"column":1},"end":{"line":31,"column":1}}},"2":{"name":"rely","line":62,"loc":{"start":{"line":62,"column":1},"end":{"line":62,"column":65}}},"3":{"name":"deny","line":64,"loc":{"start":{"line":64,"column":1},"end":{"line":64,"column":65}}},"4":{"name":"auth","line":66,"loc":{"start":{"line":66,"column":1},"end":{"line":69,"column":1}}},"5":{"name":"add","line":89,"loc":{"start":{"line":89,"column":4},"end":{"line":91,"column":4}}},"6":{"name":"sub","line":93,"loc":{"start":{"line":93,"column":4},"end":{"line":95,"column":4}}},"7":{"name":"constructor","line":102,"loc":{"start":{"line":102,"column":4},"end":{"line":112,"column":4}}},"8":{"name":"allowance","line":114,"loc":{"start":{"line":114,"column":4},"end":{"line":116,"column":4}}},"9":{"name":"_allowance","line":118,"loc":{"start":{"line":118,"column":4},"end":{"line":121,"column":4}}},"10":{"name":"transfer","line":124,"loc":{"start":{"line":124,"column":4},"end":{"line":126,"column":4}}},"11":{"name":"transferFrom","line":128,"loc":{"start":{"line":128,"column":4},"end":{"line":140,"column":4}}},"12":{"name":"addAuth","line":142,"loc":{"start":{"line":142,"column":4},"end":{"line":144,"column":4}}},"13":{"name":"adjustDailyDAILimit","line":146,"loc":{"start":{"line":146,"column":4},"end":{"line":148,"column":4}}},"14":{"name":"mint","line":150,"loc":{"start":{"line":150,"column":4},"end":{"line":168,"column":4}}},"15":{"name":"burn","line":170,"loc":{"start":{"line":170,"column":4},"end":{"line":179,"column":4}}},"16":{"name":"_approve","line":181,"loc":{"start":{"line":181,"column":4},"end":{"line":187,"column":4}}},"17":{"name":"approve","line":189,"loc":{"start":{"line":189,"column":4},"end":{"line":192,"column":4}}},"18":{"name":"push","line":195,"loc":{"start":{"line":195,"column":4},"end":{"line":197,"column":4}}},"19":{"name":"pull","line":199,"loc":{"start":{"line":199,"column":4},"end":{"line":201,"column":4}}},"20":{"name":"move","line":203,"loc":{"start":{"line":203,"column":4},"end":{"line":205,"column":4}}},"21":{"name":"permit","line":208,"loc":{"start":{"line":208,"column":4},"end":{"line":230,"column":4}}}},"statementMap":{"1":{"start":{"line":62,"column":49},"end":{"line":62,"column":62}},"2":{"start":{"line":64,"column":49},"end":{"line":64,"column":62}},"3":{"start":{"line":67,"column":2},"end":{"line":67,"column":54}},"4":{"start":{"line":90,"column":8},"end":{"line":90,"column":32}},"5":{"start":{"line":94,"column":8},"end":{"line":94,"column":32}},"6":{"start":{"line":103,"column":8},"end":{"line":103,"column":28}},"7":{"start":{"line":104,"column":8},"end":{"line":104,"column":3865}},"8":{"start":{"line":111,"column":8},"end":{"line":111,"column":47}},"9":{"start":{"line":115,"column":6},"end":{"line":115,"column":44}},"10":{"start":{"line":120,"column":6},"end":{"line":120,"column":42}},"11":{"start":{"line":125,"column":8},"end":{"line":125,"column":49}},"12":{"start":{"line":131,"column":6},"end":{"line":131,"column":63}},"13":{"start":{"line":132,"column":8},"end":{"line":132,"column":4828}},"14":{"start":{"line":133,"column":12},"end":{"line":133,"column":86}},"15":{"start":{"line":134,"column":12},"end":{"line":134,"column":80}},"16":{"start":{"line":136,"column":8},"end":{"line":136,"column":48}},"17":{"start":{"line":137,"column":8},"end":{"line":137,"column":48}},"18":{"start":{"line":138,"column":8},"end":{"line":138,"column":36}},"19":{"start":{"line":139,"column":8},"end":{"line":139,"column":19}},"20":{"start":{"line":143,"column":8},"end":{"line":143,"column":21}},"21":{"start":{"line":147,"column":8},"end":{"line":147,"column":29}},"22":{"start":{"line":152,"column":6},"end":{"line":152,"column":5496}},"23":{"start":{"line":153,"column":8},"end":{"line":153,"column":175}},"24":{"start":{"line":154,"column":8},"end":{"line":154,"column":5713}},"25":{"start"
[...]
"contracts/presets/ERC721EnviousRoyaltyPreset.sol":{"l":{"49":358,"50":358,"51":358,"55":2,"68":18,"77":0,"90":2,"92":1,"93":1,"110":43,"114":39,"124":359,"125":359,"132":359,"139":5,"140":5,"147":544,"148":544,"155":15,"162":176,"164":176,"165":2,"168":176,"169":12,"170":12,"172":12,"173":12,"174":12,"177":12,"178":12,"191":696,"194":696,"195":696,"208":696,"209":696,"210":4,"212":4,"214":4,"228":1},"path":"/home/developer/Envy/contracts/presets/ERC721EnviousRoyaltyPreset.sol","s":{"1":358,"2":358,"3":358,"4":18,"5":0,"6":2,"7":1,"8":1,"9":43,"10":39,"11":359,"12":359,"13":359,"14":5,"15":5,"16":544,"17":544,"18":15,"19":176,"20":176,"21":2,"22":176,"23":12,"24":12,"25":12,"26":12,"27":12,"28":12,"29":12,"30":696,"31":696,"32":696,"33":696,"34":696,"35":4,"36":4,"37":4,"38":1},"b":{"1":[39,4],"2":[359,0],"3":[2,174],"4":[12,164],"5":[12,0]},"f":{"1":358,"2":18,"3":0,"4":2,"5":43,"6":359,"7":359,"8":5,"9":544,"10":15,"11":176,"12":696,"13":696,"14":1},"fnMap":{"1":{"name":"constructor","line":48,"loc":{"start":{"line":42,"column":1},"end":{"line":52,"column":1}}},"2":{"name":"supportsInterface","line":61,"loc":{"start":{"line":61,"column":4},"end":{"line":71,"column":4}}},"3":{"name":"baseURI","line":76,"loc":{"start":{"line":76,"column":4},"end":{"line":78,"column":4}}},"4":{"name":"tokenURI","line":89,"loc":{"start":{"line":89,"column":4},"end":{"line":94,"column":4}}},"5":{"name":"setGhostAddresses","line":109,"loc":{"start":{"line":106,"column":1},"end":{"line":115,"column":1}}},"6":{"name":"changeCommunityAddresses","line":123,"loc":{"start":{"line":120,"column":4},"end":{"line":126,"column":4}}},"7":{"name":"changeCommissions","line":131,"loc":{"start":{"line":131,"column":1},"end":{"line":133,"column":1}}},"8":{"name":"changeRoyalties","line":138,"loc":{"start":{"line":138,"column":1},"end":{"line":141,"column":1}}},"9":{"name":"mint","line":146,"loc":{"start":{"line":146,"column":1},"end":{"line":149,"column":1}}},"10":{"name":"burn","line":154,"loc":{"start":{"line":154,"column":1},"end":{"line":156,"column":1}}},"11":{"name":"_disperse","line":161,"loc":{"start":{"line":161,"column":1},"end":{"line":180,"column":1}}},"12":{"name":"_beforeTokenTransfer","line":185,"loc":{"start":{"line":185,"column":1},"end":{"line":196,"column":1}}},"13":{"name":"_getRoyaltyFromCollateral","line":204,"loc":{"start":{"line":204,"column":1},"end":{"line":220,"column":1}}},"14":{"name":"_baseURI","line":227,"loc":{"start":{"line":227,"column":4},"end":{"line":229,"column":4}}}},"statementMap":{"1":{"start":{"line":49,"column":2},"end":{"line":49,"column":32}},"2":{"start":{"line":50,"column":2},"end":{"line":50,"column":31}},"3":{"start":{"line":51,"column":2},"end":{"line":51,"column":20}},"4":{"start":{"line":68,"column":8},"end":{"line":68,"column":2027}},"5":{"start":{"line":77,"column":8},"end":{"line":77,"column":25}},"6":{"start":{"line":90,"column":8},"end":{"line":90,"column":30}},"7":{"start":{"line":92,"column":8},"end":{"line":92,"column":45}},"8":{"start":{"line":93,"column":8},"end":{"line":93,"column":80}},"9":{"start":{"line":110,"column":2},"end":{"line":110,"column":3182}},"10":{"start":{"line":114,"column":2},"end":{"line":114,"column":48}},"11":{"start":{"line":124,"column":8},"end":{"line":124,"column":59}},"12":{"start":{"line":125,"column":8},"end":{"line":125,"column":63}},"13":{"start":{"line":132,"column":2},"end":{"line":132,"column":40}},"14":{"start":{"line":139,"column":2},"end":{"line":139,"column":20}},"15":{"start":{"line":140,"column":2},"end":{"line":140,"column":21}},"16":{"start":{"line":147,"column":2},"end":{"line":147,"column":26}},"17":{"start":{"line":148,"column":2},"end":{"line":148,"column":39}},"18":{"start":{"line":155,"column":2},"end":{"line":155,"column":15}},"19":{"start":{"line":162,"column":2},"end":{"line":162,"column":65}},"20":{"start":{"line":164,"column":2},"end":{"line":164,"column":4555}},"21":{"start":{"line":165,"column":3},"end":{"line":165,"column":76}},"22":{"start":{"line":168,"column":2},"end":{"line":168,"column":4723}},"23":{"start":{"line":169,"column":3},"end":{"line":169,"column":66}},"24":{"start":{"line":170,"column":3},"end":{"line":170,"column":48}},"25":{"start":{"line":172,"column":3},"end":{"line":172,"column":81}},"26":{"start":{"line":173,"column":3},"end":{"line":173,"column":4984}},"27":{"start":{"line":174,"column":4},"end":{"line":174,"column":47}},"28":{"start":{"line":177,"column":3},"end":{"line":177,"column":53}},"29":{"start":{"line":178,"column":3},"end":{"line":178,"column":44}},"30":{"start":{"line":191,"column":2},"end":{"line":191,"column":86}},"31":{"start":{"line":194,"column":2},"end":{"line":194,"column":44}},"32":{"start":{"line":195,"column":8},"end":{"line":195,"column":74}},"33":{"start":{"line":208,"column":2},"end":{"line":208,"column":59}},"34":{"start":{"line":209,"column":2},"end":{"line":209,"column":6058}},"35":{"start":{"line":210,"column":3},"end":{"line":210,"column":41}},"36":{"start":{"line":212,"column":3},"end":{"line":212,"column":34}},"37":{"start":{"line":214,"column":3},"end":{"line":214,"column":6202}},"38":{"start":{"line":228,"column":8},"end":{"line":228,"column":28}}},"branchMap":{"1":{"line":110,"type":"if","locations":[{"start":{"line":110,"column":2},"end":{"line":110,"column":2}},{"start":{"line":110,"column":2},"end":{"line":110,"column":2}}]},"2":{"line":124,"type":"if","locations":[{"start":{"line":124,"column":8},"end":{"line":124,"column":8}},{"start":{"line":124,"column":8},"end":{"line":124,"column":8}}]},"3":{"line":164,"type":"if","locations":[{"start":{"line":164,"column":2},"end":{"line":164,"column":2}},{"start":{"line":164,"column":2},"end":{"line":164,"column":2}}]},"4":{"line":168,"type":"if","locations":[{"start":{"line":168,"column":2},"end":{"line":168,"column":2}},{"start":{"line":168,"column":2},"end":{"line":168,"column":2}}]},"5":{"line":173,"type":"if","locations":[{"start":{"line":173,"column":3},"end":{"line":173,"column":3}},{"start":{"line":173,"column":3},"end":{"line":173,"column":3}}]}}},
"contracts/presets/ERC721EnviousVRFPreset.sol":{"l":{"85":324,"87":324,"88":324,"92":324,"96":2,"109":15,"119":1,"132":2,"134":1,"135":1,"144":1,"157":21,"158":21,"159":21,"160":21,"161":21,"162":21,"178":19,"185":325,"186":325,"193":324,"200":16,"201":14,"202":12,"210":12,"220":11,"221":9,"223":7,"225":7,"226":7,"227":1,"229":6,"232":7,"234":5,"235":5,"238":5,"240":5,"241":0,"253":8,"254":6,"255":2,"257":4,"260":4,"262":2,"263":2,"264":0,"267":2,"268":2,"269":2,"272":2,"279":497,"280":497,"281":497,"285":7,"292":162,"294":162,"295":2,"299":162,"302":162,"303":1,"304":1,"306":1,"307":0,"310":1,"311":1,"314":162,"315":14,"316":14,"318":14,"319":14,"320":14,"323":14,"324":14,"347":12,"348":12,"349":12,"359":7,"360":7,"369":2},"path":"/home/developer/Envy/contracts/presets/ERC721EnviousVRFPreset.sol","s":{"1":324,"2":324,"3":324,"4":324,"5":15,"6":1,"7":2,"8":1,"9":1,"10":1,"11":21,"12":21,"13":21,"14":21,"15":21,"16":21,"17":19,"18":325,"19":325,"20":324,"21":16,"22":14,"23":12,"24":12,"25":11,"26":9,"27":7,"28":7,"29":7,"30":1,"31":6,"32":7,"33":5,"34":5,"35":5,"36":5,"37":0,"38":8,"39":6,"40":2,"41":4,"42":4,"43":2,"44":2,"45":2,"46":2,"47":2,"48":2,"49":497,"50":497,"51":497,"52":7,"53":162,"54":162,"55":2,"56":162,"57":162,"58":1,"59":1,"60":1,"61":0,"62":1,"63":1,"64":162,"65":14,"66":14,"67":14,"68":14,"69":14,"70":14,"71":14,"72":12,"73":12,"74":12,"75":7,"76":7,"77":2},"b":{"1":[324,0],"2":[325,0],"3":[14,2],"4":[12,2],"5":[9,2],"6":[7,2],"7":[1,6],"8":[0,5],"9":[6,2],"10":[2,4],"11":[0,2],"12":[0,2],"13":[2,160],"14":[1,161],"15":[0,1],"16":[14,148],"17":[14,0]},"f":{"1":324,"2":15,"3":1,"4":2,"5":1,"6":21,"7":19,"8":325,"9":324,"10":16,"11":11,"12":8,"13":497,"14":7,"15":162,"16":12,"17":7,"18":2},"fnMap":{"1":{"name":"constructor","line":84,"loc":{"start":{"line":79,"column":1},"end":{"line":93,"column":1}}},"2":{"name":"supportsInterface","line":102,"loc":{"start":{"line":102,"column":4},"end":{"line":112,"column":4}}},"3":{"name":"baseURI","line":118,"loc":{"start":{"line":118,"column":4},"end":{"line":120,"column":4}}},"4":{"name":"tokenURI","line":131,"loc":{"start":{"line":131,"column":4},"end":{"line":136,"column":4}}},"5":{"name":"totalSupply","line":143,"loc":{"start":{"line":143,"column":1},"end":{"line":145,"column":1}}},"6":{"name":"initializeVRF","line":156,"loc":{"start":{"line":150,"column":1},"end":{"line":169,"column":1}}},"7":{"name":"setGhostAddresses","line":174,"loc":{"start":{"line":174,"column":1},"end":{"line":179,"column":1}}},"8":{"name":"changeCommunityAddresses","line":184,"loc":{"start":{"line":184,"column":4},"end":{"line":187,"column":4}}},"9":{"name":"changeCommissions","line":192,"loc":{"start":{"line":192,"column":1},"end":{"line":194,"column":1}}},"10":{"name":"prepareRandomness","line":199,"loc":{"start":{"line":199,"column":1},"end":{"line":211,"column":1}}},"11":{"name":"collateralRandomTokens","line":216,"loc":{"start":{"line":216,"column":1},"end":{"line":243,"column":1}}},"12":{"name":"collateralRandomAmounts","line":248,"loc":{"start":{"line":248,"column":1},"end":{"line":273,"column":1}}},"13":{"name":"mint","line":278,"loc":{"start":{"line":278,"column":1},"end":{"line":282,"column":1}}},"14":{"name":"burn","line":284,"loc":{"start":{"line":284,"column":1},"end":{"line":286,"column":1}}},"15":{"name":"_disperse","line":291,"loc":{"start":{"line":291,"column":1},"end":{"line":326,"column":1}}},"16":{"name":"fulfillRandomWords","line":341,"loc":{"start":{"line":341,"column":1},"end":{"line":350,"column":1}}},"17":{"name":"_nullifyRandomness","line":358,"loc":{"start":{"line":358,"column":1},"end":{"line":361,"column":1}}},"18":{"name":"_baseURI","line":368,"loc":{"start":{"line":368,"column":4},"end":{"line":370,"column":4}}}},"statementMap":{"1":{"start":{"line":85,"column":2},"end":{"line":85,"column":49}},"2":{"start":{"line":87,"column":2},"end":{"line":87,"column":20}},"3":{"start":{"line":88,"column":2},"end":{"line":88,"column":36}},"4":{"start":{"line":92,"column":2},"end":{"line":92,"column":25}},"5":{"start":{"line":109,"column":8},"end":{"line":109,"column":3484}},"6":{"start":{"line":119,"column":8},"end":{"line":119,"column":25}},"7":{"start":{"line":132,"column":8},"end":{"line":132,"column":30}},"8":{"start":{"line":134,"column":8},"end":{"line":134,"column":45}},"9":{"start":{"line":135,"column":8},"end":{"line":135,"column":80}},"10":{"start":{"line":144,"column":2},"end":{"line":144,"column":35}},"11":{"start":{"line":157,"column":2},"end":{"line":157,"column":37}},"12":{"start":{"line":158,"column":2},"end":{"line":158,"column":23}},"13":{"start":{"line":159,"column":2},"end":{"line":159,"column":23}},"14":{"start":{"line":160,"column":2},"end":{"line":160,"column":39}},"15":{"start":{"line":161,"column":2},"end":{"line":161,"column":47}},"16":{"start":{"line":162,"column":2},"end":{"line":162,"column":4892}},"17":{"start":{"line":178,"column":2},"end":{"line":178,"column":48}},"18":{"start":{"line":185,"column":8},"end":{"line":185,"column":59}},"19":{"start":{"line":186,"column":8},"end":{"line":186,"column":63}},"20":{"start":{"line":193,"column":2},"end":{"line":193,"column":40}},"21":{"start":{"line":200,"column":2},"end":{"line":200,"column":45}},"22":{"start":{"line":201,"column":2},"end":{"line":201,"column":66}},"23":{"start":{"line":202,"column":2},"end":{"line":202,"column":6005}},"24":{"start":{"line":210,"column":2},"end":{"line":210,"column":36}},"25":{"start":{"line":220,"column":2},"end":{"line":220,"column":70}},"26":{"start":{"line":221,"column":2},"end":{"line":221,"column":66}},"27":{"start":{"line":223,"column":2},"end":{"line":223,"column":31}},"28":{"start":{"line":225,"column":2},"end":{"line":225,"column":6611}},"29":{"start":{"line":226,"column":3},"end":{"line":226,"column":6662}},"30":{"start":{"line":227,"column":4},"end":{"line":227,"column":26}},"31":{"start":{"line":229,"column":4},"end":{"line":229,"column":86}},"32":{"start":{"line":232,"column":3},"end":{"line":232,"column":35}},"33":{"start":{"line":234,"column":3},"end":{"line":234,"column":54}},"34":{"start":{"line":235,"column":3},"end":{"line":235,"column":75}},"35":{"start":{"line":238,"column":2},"end":{"line":238,"column":33}},"36":{"start":{"line":240,"column":2},"end":{"line":240,"column":7054}},"37":{"start":{"line":241,"column":3},"end":{"line":241,"column":53}},"38":{"start":{"line":253,"column":2},"end":{"line":253,"column":69}},"39":{"start":{"line":254,"column":2},"end":{"line":254,"column":7427}},"40":{"start":{"line":255,"column":3},"end":{"line":255,"column":51}},"41":{"start":{"line":257,"column":3},"end":{"line":257,"column":76}},"42":{"start":{"line":260,"column":2},"end":{"line":260,"column":29}},"43":{"start":{"line":262,"column":2},"end":{"line":262,"column":7647}},"44":{"start":{"line":263,"column":3},"end":{"line":263,"column":7699}},"45":{"start":{"line":267,"column":3},"end":{"line":267,"column":61}},"46":{"start":{"line":268,"column":3},"end":{"line":268,"column":58}},"47":{"start":{"line":269,"column":3},"end":{"line":269,"column":16}},"48":{"start":{"line":272,"column":2},"end":{"line":272,"column":33}},"49":{"start":{"line":279,"column":2},"end":{"line":279,"column":49}},"50":{"start":{"line":280,"column":2},"end":{"line":280,"column":25}},"51":{"start":{"line":281,"column":2},"end":{"line":281,"column":30}},"52":{"start":{"line":285,"column":2},"end":{"line":285,"column":15}},"53":{"start":{"line":292,"column":2},"end":{"line":292,"column":80}},"54":{"start":{"line":294,"column":2},"end":{"line":294,"column":8449}},"55":{"start":{"line":295,"column":3},"end":{"line":295,"column":76}},"56":{"start":{"line":299,"column":2},"end":{"line":299,"column":56}},"57":{"start":{"line":302,"column":2},"end":{"line":302,"column":8773}},"58":{"start":{"line":303,"column":3},"end":{"line":303,"column":84}},"59":{"start":{"line":304,"column":3},"end":{"line":304,"column":83}},"60":{"start":{"line":306,"column":3},"end":{"line":306,"column":9049}},"61":{"start":{"line":307,"column":4},"end":{"line":307,"column":86}},"62":{"start":{"line":310,"column":3},"end":{"line":310,"column":25}},"63":{"start":{"line":311,"column":3},"end":{"line":311,"column":50}},"64":{"start":{"line":314,"column":2},"end":{"line":314,"column":9322}},"65":{"start":{"line":315,"column":3},"end":{"line":315,"column":66}},"66":{"start":{"line":316,"column":3},"end":{"line":316,"column":48}},"67":{"start":{"line":318,"column":3},"end":{"line":318,"column":81}},"68":{"start":{"line":319,"column":3},"end":{"line":319,"column":9583}},"69":{"start":{"line":320,"column":4},"end":{"line":320,"column":47}},"70":{"start":{"line":323,"column":3},"end":{"line":323,"column":53}},"71":{"start":{"line":324,"column":3},"end":{"line":324,"column":44}},"72":{"start":{"line":347,"column":2},"end":{"line":347,"column":52}},"73":{"start":{"line":348,"column":2},"end":{"line":348,"column":75}},"74":{"start":{"line":349,"column":2},"end":{"line":349,"column":58}},"75":{"start":{"line":359,"column":2},"end":{"line":359,"column":27}},"76":{"start":{"line":360,"column":2},"end":{"line":360,"column":28}},"77":{"start":{"line":369,"column":8},"end":{"line":369,"column":28}}},"branchMap":{"1":{"line":85,"type":"if","locations":[{"start":{"line":85,"column":2},"end":{"line":85,"column":2}},{"start":{"line":85,"column":2},"end":{"line":85,"column":2}}]},"2":{"line":185,"type":"if","locations":[{"start":{"line":185,"column":8},"end":{"line":185,"column":8}},{"start":{"line":185,"column":8},"end":{"line":185,"column":8}}]},"3":{"line":200,"type":"if","locations":[{"start":{"line":200,"column":2},"end":{"line":200,"column":2}},{"start":{"line":200,"column":2},"end":{"line":200,"column":2}}]},"4":{"line":201,"type":"if","locations":[{"start":{"line":201,"column":2},"end":{"line":201,"column":2}},{"start":{"line":201,"column":2},"end":{"line":201,"column":2}}]},"5":{"line":220,"type":"if","locations":[{"start":{"line":220,"column":2},"end":{"line":220,"column":2}},{"start":{"line":220,"column":2},"end":{"line":220,"column":2}}]},"6":{"line":221,"type":"if","locations":[{"start":{"line":221,"column":2},"end":{"line":221,"column":2}},{"start":{"line":221,"column":2},"end":{"line":221,"column":2}}]},"7":{"line":226,"type":"if","locations":[{"start":{"line":226,"column":3},"end":{"line":226,"column":3}},{"start":{"line":226,"column":3},"end":{"line":226,"column":3}}]},"8":{"line":240,"type":"if","locations":[{"start":{"line":240,"column":2},"end":{"line":240,"column":2}},{"start":{"line":240,"column":2},"end":{"line":240,"column":2}}]},"9":{"line":253,"type":"if","locations":[{"start":{"line":253,"column":2},"end":{"line":253,"column":2}},{"start":{"line":253,"column":2},"end":{"line":253,"column":2}}]},"10":{"line":254,"type":"if","locations":[{"start":{"line":254,"column":2},"end":{"line":254,"column":2}},{"start":{"line":254,"column":2},"end":{"line":254,"column":2}}]},"11":{"line":255,"type":"if","locations":[{"start":{"line":255,"column":3},"end":{"line":255,"column":3}},{"start":{"line":255,"column":3},"end":{"line":255,"column":3}}]},"12":{"line":263,"type":"if","locations":[{"start":{"line":263,"column":3},"end":{"line":263,"column":3}},{"start":{"line":263,"column":3},"end":{"line":263,"column":3}}]},"13":{"line":294,"type":"if","locations":[{"start":{"line":294,"column":2},"end":{"line":294,"column":2}},{"start":{"line":294,"column":2},"end":{"line":294,"column":2}}]},"14":{"line":302,"type":"if","locations":[{"start":{"line":302,"column":2},"end":{"line":302,"column":2}},{"start":{"line":302,"column":2},"end":{"line":302,"column":2}}]},"15":{"line":306,"type":"if","locations":[{"start":{"line":306,"column":3},"end":{"line":306,"column":3}},{"start":{"line":306,"column":3},"end":{"line":306,"column":3}}]},"16":{"line":314,"type":"if","locations":[{"start":{"line":314,"column":2},"end":{"line":314,"column":2}},{"start":{"line":314,"column":2},"end":{"line":314,"column":2}}]},"17":{"line":319,"type":"if","locations":[{"start":{"line":319,"column":3},"end":{"line":319,"column":3}},{"start":{"line":319,"column":3},"end":{"line":319,"column":3}}]}}}}
