TN:
SF:/home/developer/Envy/contracts/BlackHole.sol
FN:11,constructor
FN:15,whoAmI
FN:19,absorbedBalance
FN:23,availableSupply
FNF:4
FNH:4
FNDA:1188,constructor
FNDA:1,whoAmI
FNDA:2,absorbedBalance
FNDA:2,availableSupply
DA:12,1188
DA:16,1
DA:20,2
DA:24,2
LF:4
LH:4
BRF:0
BRH:0
end_of_record
TN:
SF:/home/developer/Envy/contracts/chainlink/contracts/src/v0.8/interfaces/LinkTokenInterface.sol
FNF:0
FNH:0
LF:0
LH:0
BRF:0
BRH:0
end_of_record
TN:
SF:/home/developer/Envy/contracts/EnviousHouse.sol
FN:86,constructor
FN:93,totalCollections
FN:97,ghostAddress
FN:105,ghostBondingAddress
FN:113,blackHole
FN:121,commissions
FN:129,communityToken
FN:137,communityPool
FN:145,communityBalance
FN:156,disperseTokens
FN:167,disperseBalance
FN:178,disperseTotalTaken
FN:189,disperseTaken
FN:201,bondPayouts
FN:209,collateralTokens
FN:221,collateralBalances
FN:233,bondIndexes
FN:245,setGhostAddresses
FN:253,setSpecificCollection
FN:260,registerCollection
FN:290,harvest
FN:305,collateralize
FN:330,uncollateralize
FN:346,disperse
FN:369,getDiscountedCollateral
FN:402,claimDiscountedCollateral
FN:427,getAmount
FN:444,_arrayContains
FN:460,_arrayContains
FN:474,_scaledAmount
FN:498,_harvest
FN:521,_addTokenCollateral
FN:550,_removeTokenCollateral
FN:580,_disperseTokenCollateral
FN:602,_checkValidity
FN:608,_communityCommission
FN:625,_disperse
FN:646,_rescueCollection
FN:656,_checkEnvious
FNF:39
FNH:38
FNDA:59,constructor
FNDA:3,totalCollections
FNDA:6,ghostAddress
FNDA:6,ghostBondingAddress
FNDA:11,blackHole
FNDA:4,commissions
FNDA:4,communityToken
FNDA:24,communityPool
FNDA:28,communityBalance
FNDA:13,disperseTokens
FNDA:9,disperseBalance
FNDA:4,disperseTotalTaken
FNDA:4,disperseTaken
FNDA:8,bondPayouts
FNDA:6,collateralTokens
FNDA:22,collateralBalances
FNDA:8,bondIndexes
FNDA:16,setGhostAddresses
FNDA:0,setSpecificCollection
FNDA:120,registerCollection
FNDA:10,harvest
FNDA:38,collateralize
FNDA:12,uncollateralize
FNDA:11,disperse
FNDA:9,getDiscountedCollateral
FNDA:5,claimDiscountedCollateral
FNDA:10,getAmount
FNDA:152,_arrayContains
FNDA:1,_arrayContains
FNDA:8,_scaledAmount
FNDA:5,_harvest
FNDA:34,_addTokenCollateral
FNDA:7,_removeTokenCollateral
FNDA:58,_disperseTokenCollateral
FNDA:79,_checkValidity
FNDA:39,_communityCommission
FNDA:39,_disperse
FNDA:156,_rescueCollection
FNDA:69,_checkEnvious
DA:87,59
DA:88,59
DA:90,59
DA:94,3
DA:98,6
DA:99,3
DA:101,3
DA:106,6
DA:107,3
DA:109,3
DA:114,11
DA:115,1
DA:117,10
DA:122,4
DA:123,2
DA:125,2
DA:130,4
DA:131,2
DA:133,2
DA:138,24
DA:139,3
DA:141,21
DA:149,28
DA:150,4
DA:152,24
DA:160,13
DA:161,2
DA:163,11
DA:171,9
DA:172,2
DA:174,7
DA:182,4
DA:183,0
DA:185,4
DA:194,4
DA:195,0
DA:197,4
DA:202,8
DA:203,4
DA:205,4
DA:214,6
DA:215,0
DA:217,6
DA:226,22
DA:227,4
DA:229,18
DA:238,8
DA:239,4
DA:241,4
DA:247,16
DA:249,10
DA:250,10
DA:255,0
DA:257,0
DA:266,120
DA:267,112
DA:273,110
DA:275,110
DA:276,58
DA:277,56
DA:278,42
DA:279,38
DA:281,38
DA:282,38
DA:283,38
DA:286,52
DA:295,10
DA:296,8
DA:298,6
DA:300,4
DA:301,5
DA:311,38
DA:313,36
DA:314,34
DA:316,32
DA:318,32
DA:319,33
DA:320,11
DA:322,33
DA:325,32
DA:326,0
DA:336,12
DA:337,10
DA:339,8
DA:341,6
DA:342,7
DA:351,11
DA:353,9
DA:354,7
DA:356,5
DA:357,5
DA:358,6
DA:359,2
DA:361,6
DA:364,5
DA:365,0
DA:377,9
DA:379,7
DA:380,5
DA:385,5
DA:386,5
DA:388,5
DA:396,5
DA:397,5
DA:398,5
DA:407,5
DA:408,3
DA:410,3
DA:412,1
DA:413,1
DA:414,1
DA:415,1
DA:416,1
DA:419,1
DA:421,1
DA:422,1
DA:423,1
DA:432,10
DA:434,10
DA:435,2
DA:437,8
DA:440,8
DA:448,152
DA:449,152
DA:451,152
DA:452,59
DA:453,21
DA:454,21
DA:455,21
DA:464,1
DA:466,1
DA:467,1
DA:468,1
DA:469,1
DA:475,8
DA:476,8
DA:477,8
DA:479,8
DA:480,15
DA:484,15
DA:488,15
DA:490,15
DA:491,8
DA:495,8
DA:499,5
DA:500,5
DA:502,5
DA:503,5
DA:504,5
DA:506,5
DA:509,5
DA:510,2
DA:512,3
DA:516,5
DA:518,5
DA:528,34
DA:529,34
DA:531,34
DA:533,34
DA:534,34
DA:535,23
DA:536,23
DA:539,34
DA:541,34
DA:543,34
DA:544,22
DA:547,34
DA:556,7
DA:558,5
DA:560,5
DA:561,5
DA:562,3
DA:563,3
DA:565,3
DA:568,5
DA:571,5
DA:572,2
DA:574,3
DA:577,5
DA:585,58
DA:587,58
DA:588,58
DA:589,56
DA:590,56
DA:593,58
DA:595,58
DA:596,4
DA:599,58
DA:603,79
DA:604,27
DA:614,39
DA:616,39
DA:617,39
DA:618,29
DA:621,39
DA:622,39
DA:626,39
DA:628,39
DA:629,0
DA:632,39
DA:633,13
DA:634,13
DA:636,13
DA:637,13
DA:638,13
DA:641,13
DA:642,13
DA:647,156
DA:648,114
DA:650,110
DA:651,110
DA:652,110
DA:657,69
DA:658,12
LF:214
LH:206
BRDA:98,1,0,3
BRDA:98,1,1,3
BRDA:106,2,0,3
BRDA:106,2,1,3
BRDA:114,3,0,1
BRDA:114,3,1,10
BRDA:122,4,0,2
BRDA:122,4,1,2
BRDA:130,5,0,2
BRDA:130,5,1,2
BRDA:138,6,0,3
BRDA:138,6,1,21
BRDA:149,7,0,4
BRDA:149,7,1,24
BRDA:160,8,0,2
BRDA:160,8,1,11
BRDA:171,9,0,2
BRDA:171,9,1,7
BRDA:182,10,0,0
BRDA:182,10,1,4
BRDA:194,11,0,0
BRDA:194,11,1,4
BRDA:202,12,0,4
BRDA:202,12,1,4
BRDA:214,13,0,0
BRDA:214,13,1,6
BRDA:226,14,0,4
BRDA:226,14,1,18
BRDA:238,15,0,4
BRDA:238,15,1,4
BRDA:247,16,0,10
BRDA:247,16,1,6
BRDA:255,17,0,0
BRDA:255,17,1,0
BRDA:266,18,0,112
BRDA:266,18,1,8
BRDA:267,19,0,110
BRDA:267,19,1,2
BRDA:275,20,0,58
BRDA:275,20,1,52
BRDA:276,21,0,56
BRDA:276,21,1,2
BRDA:277,22,0,42
BRDA:277,22,1,14
BRDA:278,23,0,38
BRDA:278,23,1,4
BRDA:279,24,0,38
BRDA:279,24,1,0
BRDA:295,25,0,8
BRDA:295,25,1,2
BRDA:296,26,0,6
BRDA:296,26,1,2
BRDA:311,27,0,36
BRDA:311,27,1,2
BRDA:319,28,0,11
BRDA:319,28,1,22
BRDA:325,29,0,0
BRDA:325,29,1,32
BRDA:336,30,0,10
BRDA:336,30,1,2
BRDA:337,31,0,8
BRDA:337,31,1,2
BRDA:351,32,0,9
BRDA:351,32,1,2
BRDA:358,33,0,2
BRDA:358,33,1,4
BRDA:364,34,0,0
BRDA:364,34,1,5
BRDA:377,35,0,7
BRDA:377,35,1,2
BRDA:396,36,0,5
BRDA:396,36,1,0
BRDA:407,37,0,3
BRDA:407,37,1,2
BRDA:408,38,0,3
BRDA:408,38,1,0
BRDA:421,39,0,1
BRDA:421,39,1,0
BRDA:432,40,0,10
BRDA:432,40,1,0
BRDA:434,41,0,2
BRDA:434,41,1,8
BRDA:452,42,0,21
BRDA:452,42,1,38
BRDA:467,43,0,1
BRDA:467,43,1,0
BRDA:490,44,0,8
BRDA:490,44,1,7
BRDA:502,45,0,5
BRDA:502,45,1,0
BRDA:509,46,0,2
BRDA:509,46,1,3
BRDA:528,47,0,34
BRDA:528,47,1,0
BRDA:529,48,0,34
BRDA:529,48,1,0
BRDA:534,49,0,23
BRDA:534,49,1,11
BRDA:543,50,0,22
BRDA:543,50,1,12
BRDA:556,51,0,5
BRDA:556,51,1,2
BRDA:561,52,0,3
BRDA:561,52,1,2
BRDA:571,53,0,2
BRDA:571,53,1,3
BRDA:585,54,0,58
BRDA:585,54,1,0
BRDA:588,55,0,56
BRDA:588,55,1,2
BRDA:595,56,0,4
BRDA:595,56,1,54
BRDA:603,57,0,27
BRDA:603,57,1,52
BRDA:604,58,0,27
BRDA:604,58,1,0
BRDA:617,59,0,29
BRDA:617,59,1,10
BRDA:628,60,0,0
BRDA:628,60,1,39
BRDA:632,61,0,13
BRDA:632,61,1,26
BRDA:637,62,0,13
BRDA:637,62,1,0
BRDA:647,63,0,114
BRDA:647,63,1,42
BRDA:648,64,0,110
BRDA:648,64,1,4
BRDA:657,65,0,12
BRDA:657,65,1,57
BRF:130
BRH:110
end_of_record
TN:
SF:/home/developer/Envy/contracts/extension/ERC721Envious.sol
FN:82,supportsInterface
FN:95,harvest
FN:108,collateralize
FN:130,uncollateralize
FN:144,disperse
FN:165,getDiscountedCollateral
FN:197,claimDiscountedCollateral
FN:220,getAmount
FN:237,_arrayContains
FN:261,_arrayContains
FN:284,_scaledAmount
FN:311,_harvest
FN:345,_addTokenCollateral
FN:384,_removeTokenCollateral
FN:421,_disperseTokenCollateral
FN:449,_checkValidity
FN:464,_communityCommission
FN:486,_changeCommissions
FN:498,_changeCommunityAddresses
FN:509,_changeGhostAddresses
FN:524,_disperse
FNF:21
FNH:20
FNDA:191,supportsInterface
FNDA:33,harvest
FNDA:427,collateralize
FNDA:179,uncollateralize
FNDA:140,disperse
FNDA:155,getDiscountedCollateral
FNDA:46,claimDiscountedCollateral
FNDA:65,getAmount
FNDA:1471,_arrayContains
FNDA:51,_arrayContains
FNDA:63,_scaledAmount
FNDA:45,_harvest
FNDA:506,_addTokenCollateral
FNDA:175,_removeTokenCollateral
FNDA:192,_disperseTokenCollateral
FNDA:674,_checkValidity
FNDA:613,_communityCommission
FNDA:1401,_changeCommissions
FNDA:1404,_changeCommunityAddresses
FNDA:107,_changeGhostAddresses
FNDA:0,_disperse
DA:89,191
DA:99,33
DA:100,33
DA:101,45
DA:113,427
DA:114,411
DA:115,411
DA:116,483
DA:117,90
DA:119,475
DA:122,371
DA:123,4
DA:135,179
DA:136,163
DA:137,175
DA:148,140
DA:149,124
DA:150,124
DA:151,200
DA:152,73
DA:154,184
DA:157,76
DA:158,4
DA:175,155
DA:177,145
DA:178,145
DA:180,135
DA:188,95
DA:189,95
DA:190,95
DA:201,46
DA:203,46
DA:204,51
DA:205,51
DA:206,41
DA:209,36
DA:211,36
DA:212,31
DA:213,31
DA:224,65
DA:225,63
DA:241,1471
DA:242,1471
DA:244,1471
DA:245,1361
DA:246,218
DA:247,218
DA:248,218
DA:265,51
DA:267,51
DA:268,51
DA:269,41
DA:270,41
DA:285,63
DA:286,63
DA:287,63
DA:289,63
DA:290,153
DA:291,153
DA:293,153
DA:295,153
DA:296,59
DA:300,63
DA:312,45
DA:313,41
DA:315,37
DA:316,37
DA:317,37
DA:318,37
DA:321,37
DA:322,6
DA:324,31
DA:328,37
DA:330,33
DA:351,506
DA:352,506
DA:354,506
DA:356,506
DA:357,506
DA:358,477
DA:359,453
DA:362,482
DA:363,482
DA:365,482
DA:366,369
DA:369,474
DA:389,175
DA:390,167
DA:392,167
DA:393,127
DA:394,73
DA:395,73
DA:396,73
DA:399,127
DA:401,127
DA:402,26
DA:404,101
DA:407,127
DA:422,192
DA:424,192
DA:425,192
DA:426,186
DA:427,162
DA:430,168
DA:432,168
DA:433,103
DA:436,160
DA:450,674
DA:451,536
DA:469,613
DA:471,613
DA:472,613
DA:473,264
DA:476,613
DA:477,613
DA:487,1401
DA:488,1401
DA:489,1401
DA:499,1404
DA:500,1404
DA:513,107
DA:514,107
LF:122
LH:122
BRDA:99,1,0,33
BRDA:99,1,1,0
BRDA:113,2,0,411
BRDA:113,2,1,16
BRDA:116,3,0,90
BRDA:116,3,1,393
BRDA:122,4,0,4
BRDA:122,4,1,367
BRDA:135,5,0,163
BRDA:135,5,1,16
BRDA:148,6,0,124
BRDA:148,6,1,16
BRDA:151,7,0,73
BRDA:151,7,1,127
BRDA:157,8,0,4
BRDA:157,8,1,72
BRDA:188,9,0,95
BRDA:188,9,1,0
BRDA:201,10,0,46
BRDA:201,10,1,0
BRDA:211,11,0,31
BRDA:211,11,1,5
BRDA:245,12,0,218
BRDA:245,12,1,1143
BRDA:268,13,0,41
BRDA:268,13,1,10
BRDA:295,14,0,59
BRDA:295,14,1,94
BRDA:315,15,0,37
BRDA:315,15,1,0
BRDA:321,16,0,6
BRDA:321,16,1,31
BRDA:351,17,0,506
BRDA:351,17,1,0
BRDA:357,18,0,477
BRDA:357,18,1,29
BRDA:365,19,0,369
BRDA:365,19,1,113
BRDA:389,20,0,167
BRDA:389,20,1,8
BRDA:393,21,0,73
BRDA:393,21,1,54
BRDA:401,22,0,26
BRDA:401,22,1,101
BRDA:422,23,0,192
BRDA:422,23,1,0
BRDA:425,24,0,186
BRDA:425,24,1,6
BRDA:432,25,0,103
BRDA:432,25,1,65
BRDA:450,26,0,536
BRDA:450,26,1,138
BRDA:451,27,0,484
BRDA:451,27,1,52
BRDA:472,28,0,264
BRDA:472,28,1,349
BRDA:487,29,0,1401
BRDA:487,29,1,0
BRF:58
BRH:51
end_of_record
TN:
SF:/home/developer/Envy/contracts/GhostCollection.sol
FN:28,constructor
FN:33,onlySuperUser
FN:38,mint
FN:46,setGhostAddresses
FN:50,changeBaseUri
FN:54,renewSuperMinter
FNF:6
FNH:6
FNDA:24,constructor
FNDA:33,onlySuperUser
FNDA:47,mint
FNDA:1,setGhostAddresses
FNDA:1,changeBaseUri
FNDA:27,renewSuperMinter
DA:29,24
DA:30,24
DA:34,33
DA:35,29
DA:39,47
DA:40,47
DA:47,1
DA:51,1
DA:55,27
LF:9
LH:9
BRDA:34,1,0,29
BRDA:34,1,1,4
BRDA:39,2,0,47
BRDA:39,2,1,0
BRF:4
BRH:3
end_of_record
TN:
SF:/home/developer/Envy/contracts/GhostFaucet.sol
FN:31,constructor
FN:55,sendMeGhostNft
FN:82,sigmoidValue
FN:86,_prepareValues
FNF:4
FNH:4
FNDA:24,constructor
FNDA:27,sendMeGhostNft
FNDA:51,sigmoidValue
FNDA:34,_prepareValues
DA:38,24
DA:43,24
DA:45,24
DA:46,24
DA:47,24
DA:48,24
DA:50,24
DA:52,24
DA:57,27
DA:58,25
DA:59,25
DA:61,25
DA:62,25
DA:64,25
DA:65,25
DA:67,25
DA:68,13
DA:69,13
DA:71,13
DA:74,21
DA:75,21
DA:76,21
DA:79,21
DA:83,51
DA:90,34
DA:91,34
DA:93,34
DA:94,34
DA:96,34
LF:29
LH:29
BRDA:38,1,0,24
BRDA:38,1,1,0
BRDA:43,2,0,24
BRDA:43,2,1,0
BRDA:67,3,0,13
BRDA:67,3,1,12
BRF:6
BRH:4
end_of_record
TN:
SF:/home/developer/Envy/contracts/GmvToken.sol
FN:13,constructor
FN:18,mint
FN:23,renewSuperMinter
FNF:3
FNH:3
FNDA:91,constructor
FNDA:98,mint
FNDA:3,renewSuperMinter
DA:14,91
DA:15,91
DA:19,98
DA:20,96
DA:24,3
DA:25,1
LF:6
LH:6
BRDA:19,1,0,96
BRDA:19,1,1,2
BRDA:24,2,0,1
BRDA:24,2,1,2
BRF:4
BRH:4
end_of_record
TN:
SF:/home/developer/Envy/contracts/interfaces/IBlackHole.sol
FNF:0
FNH:0
LF:0
LH:0
BRF:0
BRH:0
end_of_record
TN:
SF:/home/developer/Envy/contracts/interfaces/IEnviousHouse.sol
FNF:0
FNH:0
LF:0
LH:0
BRF:0
BRH:0
end_of_record
TN:
SF:/home/developer/Envy/contracts/interfaces/IERC721EnviousDynamic.sol
FNF:0
FNH:0
LF:0
LH:0
BRF:0
BRH:0
end_of_record
TN:
SF:/home/developer/Envy/contracts/interfaces/IERC721EnviousRoyalty.sol
FNF:0
FNH:0
LF:0
LH:0
BRF:0
BRH:0
end_of_record
TN:
SF:/home/developer/Envy/contracts/interfaces/IERC721EnviousVrf.sol
FNF:0
FNH:0
LF:0
LH:0
BRF:0
BRH:0
end_of_record
TN:
SF:/home/developer/Envy/contracts/interfaces/IGhostFaucet.sol
FNF:0
FNH:0
LF:0
LH:0
BRF:0
BRH:0
end_of_record
TN:
SF:/home/developer/Envy/contracts/interfaces/IgSTRL.sol
FNF:0
FNH:0
LF:0
LH:0
BRF:0
BRH:0
end_of_record
TN:
SF:/home/developer/Envy/contracts/interfaces/IsSTRL.sol
FNF:0
FNH:0
LF:0
LH:0
BRF:0
BRH:0
end_of_record
TN:
SF:/home/developer/Envy/contracts/interfaces/IStaking.sol
FNF:0
FNH:0
LF:0
LH:0
BRF:0
BRH:0
end_of_record
TN:
SF:/home/developer/Envy/contracts/libraries/Sigmoid.sol
FN:12,sigmoid
FN:20,_sqrt
FNF:2
FNH:2
FNDA:51,sigmoid
FNDA:51,_sqrt
DA:13,51
DA:14,51
DA:15,51
DA:17,51
DA:21,51
DA:23,51
DA:24,51
DA:26,51
DA:27,0
DA:28,0
DA:31,51
DA:32,0
DA:33,0
DA:36,51
DA:37,0
DA:38,0
DA:41,51
DA:42,0
DA:43,0
DA:46,51
DA:47,1
DA:48,1
DA:51,51
DA:52,1
DA:53,1
DA:56,51
DA:57,12
DA:60,51
DA:61,51
DA:62,51
DA:63,51
DA:64,51
DA:65,51
DA:66,51
DA:68,51
DA:69,51
LF:36
LH:28
BRDA:21,1,0,0
BRDA:21,1,1,51
BRDA:26,2,0,0
BRDA:26,2,1,51
BRDA:31,3,0,0
BRDA:31,3,1,51
BRDA:36,4,0,0
BRDA:36,4,1,51
BRDA:41,5,0,0
BRDA:41,5,1,51
BRDA:46,6,0,1
BRDA:46,6,1,50
BRDA:51,7,0,1
BRDA:51,7,1,50
BRDA:56,8,0,12
BRDA:56,8,1,39
BRF:16
BRH:11
end_of_record
TN:
SF:/home/developer/Envy/contracts/mocks/BaseToken.sol
FN:10,constructor
FN:12,mint
FN:16,burn
FN:20,burnFrom
FNF:4
FNH:4
FNDA:2128,constructor
FNDA:663,mint
FNDA:17,burn
FNDA:10,burnFrom
DA:13,663
DA:17,17
DA:21,10
DA:22,8
LF:4
LH:4
BRF:0
BRH:0
end_of_record
TN:
SF:/home/developer/Envy/contracts/mocks/BondingMock.sol
FN:30,constructor
FN:36,deposit
FN:57,redeem
FN:81,indexesFor
FN:102,pendingFor
FN:112,_addNote
FNF:6
FNH:6
FNDA:159,constructor
FNDA:140,deposit
FNDA:37,redeem
FNDA:10,indexesFor
FNDA:87,pendingFor
FNDA:110,_addNote
DA:31,159
DA:32,159
DA:33,159
DA:43,140
DA:44,130
DA:45,120
DA:47,110
DA:48,110
DA:49,110
DA:51,110
DA:52,110
DA:54,100
DA:62,37
DA:63,37
DA:65,37
DA:66,42
DA:68,42
DA:69,37
DA:70,37
DA:74,37
DA:75,37
DA:77,0
DA:82,10
DA:84,10
DA:85,10
DA:86,25
DA:89,10
DA:90,10
DA:92,10
DA:93,25
DA:94,25
DA:95,25
DA:99,10
DA:106,87
DA:108,82
DA:109,82
DA:119,110
DA:120,110
LF:38
LH:37
BRDA:43,1,0,130
BRDA:43,1,1,10
BRDA:44,2,0,120
BRDA:44,2,1,10
BRDA:45,3,0,110
BRDA:45,3,1,10
BRDA:68,4,0,37
BRDA:68,4,1,5
BRDA:74,5,0,37
BRDA:74,5,1,0
BRDA:86,6,0,25
BRDA:86,6,1,0
BRDA:93,7,0,25
BRDA:93,7,1,0
BRF:14
BRH:11
end_of_record
TN:
SF:/home/developer/Envy/contracts/mocks/DAI.sol
FN:14,note
FN:62,rely
FN:64,deny
FN:66,auth
FN:89,add
FN:93,sub
FN:102,constructor
FN:114,allowance
FN:118,_allowance
FN:124,transfer
FN:128,transferFrom
FN:142,addAuth
FN:146,adjustDailyDAILimit
FN:150,mint
FN:170,burn
FN:181,_approve
FN:189,approve
FN:195,push
FN:199,pull
FN:203,move
FN:208,permit
FNF:21
FNH:11
FNDA:0,note
FNDA:0,rely
FNDA:0,deny
FNDA:0,auth
FNDA:772,add
FNDA:236,sub
FNDA:318,constructor
FNDA:10,allowance
FNDA:296,_allowance
FNDA:34,transfer
FNDA:134,transferFrom
FNDA:0,addAuth
FNDA:0,adjustDailyDAILimit
FNDA:324,mint
FNDA:11,burn
FNDA:299,_approve
FNDA:299,approve
FNDA:0,push
FNDA:0,pull
FNDA:0,move
FNDA:0,permit
DA:15,0
DA:67,0
DA:68,0
DA:90,772
DA:94,236
DA:103,318
DA:104,318
DA:111,318
DA:115,10
DA:120,296
DA:125,34
DA:131,134
DA:132,126
DA:133,96
DA:134,94
DA:136,124
DA:137,124
DA:138,124
DA:139,124
DA:143,0
DA:147,0
DA:152,324
DA:153,0
DA:154,0
DA:155,0
DA:156,0
DA:158,0
DA:162,324
DA:164,324
DA:167,324
DA:171,11
DA:172,9
DA:173,0
DA:174,0
DA:176,9
DA:177,9
DA:178,9
DA:183,299
DA:185,299
DA:186,299
DA:191,299
DA:196,0
DA:200,0
DA:204,0
DA:211,0
DA:223,0
DA:224,0
DA:225,0
DA:226,0
DA:227,0
DA:228,0
DA:229,0
LF:52
LH:29
BRDA:67,1,0,0
BRDA:67,1,1,0
BRDA:90,2,0,772
BRDA:90,2,1,0
BRDA:94,3,0,236
BRDA:94,3,1,0
BRDA:131,4,0,126
BRDA:131,4,1,8
BRDA:132,5,0,96
BRDA:132,5,1,30
BRDA:133,6,0,94
BRDA:133,6,1,2
BRDA:152,7,0,0
BRDA:152,7,1,324
BRDA:153,8,0,0
BRDA:153,8,1,0
BRDA:154,9,0,0
BRDA:154,9,1,0
BRDA:171,10,0,9
BRDA:171,10,1,2
BRDA:172,11,0,0
BRDA:172,11,1,9
BRDA:173,12,0,0
BRDA:173,12,1,0
BRDA:223,13,0,0
BRDA:223,13,1,0
BRDA:224,14,0,0
BRDA:224,14,1,0
BRDA:225,15,0,0
BRDA:225,15,1,0
BRDA:226,16,0,0
BRDA:226,16,1,0
BRF:32
BRH:12
end_of_record
TN:
SF:/home/developer/Envy/contracts/mocks/RebaseToken.sol
FN:37,onlyStakingContract
FN:75,constructor
FN:82,decimals
FN:86,setIndex
FN:92,setgSTRL
FN:100,initialize
FN:116,scaledTotalSupply
FN:128,rebase
FN:168,_storeRebase
FN:189,transfer
FN:203,transferFrom
FN:220,approve
FN:225,increaseAllowance
FN:230,decreaseAllowance
FN:240,changeDebt
FN:250,_checkDebt
FN:254,_approve
FN:263,balanceOf
FN:267,scaledBalanceOf
FN:271,gonsForBalance
FN:275,balanceForGons
FN:281,toG
FN:287,fromG
FN:291,totalSupply
FN:296,circulatingSupply
FN:301,index
FN:305,allowance
FNF:27
FNH:20
FNDA:6,onlyStakingContract
FNDA:377,constructor
FNDA:101,decimals
FNDA:0,setIndex
FNDA:0,setgSTRL
FNDA:374,initialize
FNDA:0,scaledTotalSupply
FNDA:2,rebase
FNDA:1,_storeRebase
FNDA:312,transfer
FNDA:81,transferFrom
FNDA:307,approve
FNDA:6,increaseAllowance
FNDA:6,decreaseAllowance
FNDA:0,changeDebt
FNDA:383,_checkDebt
FNDA:319,_approve
FNDA:438,balanceOf
FNDA:0,scaledBalanceOf
FNDA:391,gonsForBalance
FNDA:3,balanceForGons
FNDA:0,toG
FNDA:0,fromG
FNDA:1,totalSupply
FNDA:3,circulatingSupply
FNDA:3,index
FNDA:19,allowance
DA:38,6
DA:39,2
DA:77,377
DA:78,377
DA:79,377
DA:83,101
DA:87,0
DA:88,0
DA:89,0
DA:93,0
DA:94,0
DA:95,0
DA:96,0
DA:101,374
DA:102,374
DA:104,374
DA:105,374
DA:107,374
DA:108,374
DA:110,374
DA:111,374
DA:113,374
DA:117,0
DA:131,2
DA:132,2
DA:134,2
DA:135,1
DA:136,1
DA:138,1
DA:140,0
DA:143,1
DA:145,1
DA:146,0
DA:149,1
DA:151,1
DA:165,1
DA:173,1
DA:174,1
DA:186,1
DA:193,312
DA:195,308
DA:196,308
DA:198,308
DA:199,308
DA:200,308
DA:208,81
DA:209,79
DA:211,79
DA:212,79
DA:213,75
DA:215,75
DA:216,75
DA:217,75
DA:221,307
DA:222,307
DA:226,6
DA:227,6
DA:231,6
DA:232,6
DA:233,6
DA:234,6
DA:245,0
DA:246,0
DA:247,0
DA:251,383
DA:259,319
DA:260,319
DA:264,438
DA:268,0
DA:272,391
DA:276,3
DA:282,0
DA:288,0
DA:292,1
DA:298,3
DA:302,3
DA:306,19
LF:77
LH:61
BRDA:38,1,0,2
BRDA:38,1,1,4
BRDA:87,2,0,0
BRDA:87,2,1,0
BRDA:88,3,0,0
BRDA:88,3,1,0
BRDA:93,4,0,0
BRDA:93,4,1,0
BRDA:94,5,0,0
BRDA:94,5,1,0
BRDA:95,6,0,0
BRDA:95,6,1,0
BRDA:101,7,0,374
BRDA:101,7,1,0
BRDA:102,8,0,374
BRDA:102,8,1,0
BRDA:107,9,0,374
BRDA:107,9,1,0
BRDA:134,10,0,1
BRDA:134,10,1,1
BRDA:137,11,0,1
BRDA:137,11,1,0
BRDA:145,12,0,0
BRDA:145,12,1,1
BRDA:245,13,0,0
BRDA:245,13,1,0
BRDA:251,14,0,383
BRDA:251,14,1,0
BRF:28
BRH:10
end_of_record
TN:
SF:/home/developer/Envy/contracts/mocks/USDT.sol
FN:9,constructor
FN:11,mint
FN:15,burn
FN:19,decimals
FNF:4
FNH:4
FNDA:284,constructor
FNDA:286,mint
FNDA:3,burn
FNDA:98,decimals
DA:12,286
DA:16,3
DA:20,98
LF:3
LH:3
BRF:0
BRH:0
end_of_record
TN:
SF:/home/developer/Envy/contracts/presets/ERC721EnviousDynamicPreset.sol
FN:50,constructor
FN:77,supportsInterface
FN:92,baseURI
FN:105,tokenURI
FN:118,getTokenPointer
FN:149,setGhostAddresses
FN:163,changeCommunityAddresses
FN:171,mint
FN:179,burn
FN:186,_disperse
FN:212,_baseURI
FN:219,_changeBaseURI
FN:226,_beforeTokenTransfer
FNF:13
FNH:13
FNDA:362,constructor
FNDA:66,supportsInterface
FNDA:1,baseURI
FNDA:28,tokenURI
FNDA:30,getTokenPointer
FNDA:25,setGhostAddresses
FNDA:1,changeCommunityAddresses
FNDA:581,mint
FNDA:15,burn
FNDA:167,_disperse
FNDA:28,_baseURI
FNDA:363,_changeBaseURI
FNDA:730,_beforeTokenTransfer
DA:51,362
DA:52,362
DA:58,362
DA:59,362
DA:61,362
DA:62,1448
DA:71,2
DA:84,66
DA:93,1
DA:106,28
DA:108,27
DA:109,27
DA:110,27
DA:119,30
DA:120,30
DA:121,30
DA:122,30
DA:124,30
DA:125,30
DA:127,30
DA:128,114
DA:129,30
DA:130,30
DA:131,30
DA:135,30
DA:136,30
DA:153,25
DA:157,21
DA:164,1
DA:165,1
DA:172,581
DA:173,581
DA:180,15
DA:187,167
DA:189,167
DA:190,2
DA:193,167
DA:194,12
DA:195,12
DA:197,12
DA:198,12
DA:199,12
DA:202,12
DA:203,12
DA:213,28
DA:220,363
DA:232,730
LF:47
LH:47
BRDA:51,1,0,362
BRDA:51,1,1,0
BRDA:52,2,0,362
BRDA:52,2,1,0
BRDA:128,3,0,30
BRDA:128,3,1,84
BRDA:153,4,0,21
BRDA:153,4,1,4
BRDA:164,5,0,1
BRDA:164,5,1,0
BRDA:189,6,0,2
BRDA:189,6,1,165
BRDA:193,7,0,12
BRDA:193,7,1,155
BRDA:198,8,0,12
BRDA:198,8,1,0
BRF:16
BRH:12
end_of_record
TN:
SF:/home/developer/Envy/contracts/presets/ERC721EnviousPreset.sol
FN:58,constructor
FN:75,baseURI
FN:88,tokenURI
FN:98,supportsInterface
FN:118,mint
FN:127,pause
FN:135,unpause
FN:151,setGhostAddresses
FN:168,changeCommunityAddresses
FN:183,changeCommissions
FN:191,_disperse
FN:215,_beforeTokenTransfer
FN:230,_baseURI
FNF:13
FNH:12
FNDA:418,constructor
FNDA:1,baseURI
FNDA:2,tokenURI
FNDA:173,supportsInterface
FNDA:598,mint
FNDA:10,pause
FNDA:0,unpause
FNDA:28,setGhostAddresses
FNDA:723,changeCommunityAddresses
FNDA:718,changeCommissions
FNDA:172,_disperse
FNDA:757,_beforeTokenTransfer
FNDA:2,_baseURI
DA:59,418
DA:61,418
DA:62,418
DA:63,418
DA:65,418
DA:69,2
DA:76,1
DA:89,2
DA:91,1
DA:92,1
DA:105,173
DA:119,598
DA:120,598
DA:121,598
DA:128,10
DA:129,10
DA:136,0
DA:137,0
DA:152,28
DA:156,28
DA:157,28
DA:169,723
DA:170,721
DA:171,719
DA:184,718
DA:185,718
DA:192,172
DA:194,172
DA:195,2
DA:198,172
DA:199,12
DA:200,12
DA:202,12
DA:203,12
DA:204,12
DA:207,12
DA:208,12
DA:221,757
DA:222,747
DA:231,2
LF:40
LH:38
BRDA:119,1,0,598
BRDA:119,1,1,0
BRDA:128,2,0,10
BRDA:128,2,1,0
BRDA:136,3,0,0
BRDA:136,3,1,0
BRDA:152,4,0,28
BRDA:152,4,1,0
BRDA:156,5,0,28
BRDA:156,5,1,0
BRDA:169,6,0,721
BRDA:169,6,1,2
BRDA:170,7,0,719
BRDA:170,7,1,2
BRDA:184,8,0,718
BRDA:184,8,1,0
BRDA:194,9,0,2
BRDA:194,9,1,170
BRDA:198,10,0,12
BRDA:198,10,1,160
BRDA:203,11,0,12
BRDA:203,11,1,0
BRDA:222,12,0,747
BRDA:222,12,1,0
BRF:24
BRH:15
end_of_record
TN:
SF:/home/developer/Envy/contracts/presets/ERC721EnviousRoyaltyPreset.sol
FN:48,constructor
FN:61,supportsInterface
FN:76,baseURI
FN:89,tokenURI
FN:109,setGhostAddresses
FN:123,changeCommunityAddresses
FN:131,changeCommissions
FN:138,changeRoyalties
FN:146,mint
FN:154,burn
FN:161,_disperse
FN:185,_beforeTokenTransfer
FN:204,_getRoyaltyFromCollateral
FN:227,_baseURI
FNF:14
FNH:13
FNDA:358,constructor
FNDA:18,supportsInterface
FNDA:0,baseURI
FNDA:2,tokenURI
FNDA:43,setGhostAddresses
FNDA:359,changeCommunityAddresses
FNDA:359,changeCommissions
FNDA:5,changeRoyalties
FNDA:544,mint
FNDA:15,burn
FNDA:176,_disperse
FNDA:696,_beforeTokenTransfer
FNDA:696,_getRoyaltyFromCollateral
FNDA:1,_baseURI
DA:49,358
DA:50,358
DA:51,358
DA:55,2
DA:68,18
DA:77,0
DA:90,2
DA:92,1
DA:93,1
DA:110,43
DA:114,39
DA:124,359
DA:125,359
DA:132,359
DA:139,5
DA:140,5
DA:147,544
DA:148,544
DA:155,15
DA:162,176
DA:164,176
DA:165,2
DA:168,176
DA:169,12
DA:170,12
DA:172,12
DA:173,12
DA:174,12
DA:177,12
DA:178,12
DA:191,696
DA:194,696
DA:195,696
DA:208,696
DA:209,696
DA:210,4
DA:212,4
DA:214,4
DA:228,1
LF:39
LH:38
BRDA:110,1,0,39
BRDA:110,1,1,4
BRDA:124,2,0,359
BRDA:124,2,1,0
BRDA:164,3,0,2
BRDA:164,3,1,174
BRDA:168,4,0,12
BRDA:168,4,1,164
BRDA:173,5,0,12
BRDA:173,5,1,0
BRF:10
BRH:8
end_of_record
TN:
SF:/home/developer/Envy/contracts/presets/ERC721EnviousVRFPreset.sol
FN:84,constructor
FN:102,supportsInterface
FN:118,baseURI
FN:131,tokenURI
FN:143,totalSupply
FN:156,initializeVRF
FN:174,setGhostAddresses
FN:184,changeCommunityAddresses
FN:192,changeCommissions
FN:199,prepareRandomness
FN:216,collateralRandomTokens
FN:248,collateralRandomAmounts
FN:278,mint
FN:284,burn
FN:291,_disperse
FN:341,fulfillRandomWords
FN:358,_nullifyRandomness
FN:368,_baseURI
FNF:18
FNH:18
FNDA:324,constructor
FNDA:15,supportsInterface
FNDA:1,baseURI
FNDA:2,tokenURI
FNDA:1,totalSupply
FNDA:21,initializeVRF
FNDA:19,setGhostAddresses
FNDA:325,changeCommunityAddresses
FNDA:324,changeCommissions
FNDA:16,prepareRandomness
FNDA:11,collateralRandomTokens
FNDA:8,collateralRandomAmounts
FNDA:497,mint
FNDA:7,burn
FNDA:162,_disperse
FNDA:12,fulfillRandomWords
FNDA:7,_nullifyRandomness
FNDA:2,_baseURI
DA:85,324
DA:87,324
DA:88,324
DA:92,324
DA:96,2
DA:109,15
DA:119,1
DA:132,2
DA:134,1
DA:135,1
DA:144,1
DA:157,21
DA:158,21
DA:159,21
DA:160,21
DA:161,21
DA:162,21
DA:178,19
DA:185,325
DA:186,325
DA:193,324
DA:200,16
DA:201,14
DA:202,12
DA:210,12
DA:220,11
DA:221,9
DA:223,7
DA:225,7
DA:226,7
DA:227,1
DA:229,6
DA:232,7
DA:234,5
DA:235,5
DA:238,5
DA:240,5
DA:241,0
DA:253,8
DA:254,6
DA:255,2
DA:257,4
DA:260,4
DA:262,2
DA:263,2
DA:264,0
DA:267,2
DA:268,2
DA:269,2
DA:272,2
DA:279,497
DA:280,497
DA:281,497
DA:285,7
DA:292,162
DA:294,162
DA:295,2
DA:299,162
DA:302,162
DA:303,1
DA:304,1
DA:306,1
DA:307,0
DA:310,1
DA:311,1
DA:314,162
DA:315,14
DA:316,14
DA:318,14
DA:319,14
DA:320,14
DA:323,14
DA:324,14
DA:347,12
DA:348,12
DA:349,12
DA:359,7
DA:360,7
DA:369,2
LF:79
LH:76
BRDA:85,1,0,324
BRDA:85,1,1,0
BRDA:185,2,0,325
BRDA:185,2,1,0
BRDA:200,3,0,14
BRDA:200,3,1,2
BRDA:201,4,0,12
BRDA:201,4,1,2
BRDA:220,5,0,9
BRDA:220,5,1,2
BRDA:221,6,0,7
BRDA:221,6,1,2
BRDA:226,7,0,1
BRDA:226,7,1,6
BRDA:240,8,0,0
BRDA:240,8,1,5
BRDA:253,9,0,6
BRDA:253,9,1,2
BRDA:254,10,0,2
BRDA:254,10,1,4
BRDA:255,11,0,0
BRDA:255,11,1,2
BRDA:263,12,0,0
BRDA:263,12,1,2
BRDA:294,13,0,2
BRDA:294,13,1,160
BRDA:302,14,0,1
BRDA:302,14,1,161
BRDA:306,15,0,0
BRDA:306,15,1,1
BRDA:314,16,0,14
BRDA:314,16,1,148
BRDA:319,17,0,14
BRDA:319,17,1,0
BRF:34
BRH:27
end_of_record
